#
# There is insufficient memory for the Java Runtime Environment to continue.
# Native memory allocation (malloc) failed to allocate 406400 bytes. Error detail: Chunk::new
# Possible reasons:
#   The system is out of physical RAM or swap space
#   This process is running with CompressedOops enabled, and the Java Heap may be blocking the growth of the native heap
# Possible solutions:
#   Reduce memory load on the system
#   Increase physical memory or swap space
#   Check if swap backing store is full
#   Decrease Java heap size (-Xmx/-Xms)
#   Decrease number of Java threads
#   Decrease Java thread stack sizes (-Xss)
#   Set larger code cache with -XX:ReservedCodeCacheSize=
#   JVM is running with Unscaled Compressed Oops mode in which the Java heap is
#     placed in the first 4GB address space. The Java Heap base address is the
#     maximum limit for the native heap growth. Please use -XX:HeapBaseMinAddress
#     to set the Java Heap base and to place the Java Heap above 4GB virtual address.
# This output file may be truncated or incomplete.
#
#  Out of Memory Error (arena.cpp:191), pid=24772, tid=11256
#
# JRE version: OpenJDK Runtime Environment Temurin-17.0.11+9 (17.0.11+9) (build 17.0.11+9)
# Java VM: OpenJDK 64-Bit Server VM Temurin-17.0.11+9 (17.0.11+9, mixed mode, tiered, compressed oops, compressed class ptrs, parallel gc, windows-amd64)
# No core dump will be written. Minidumps are not enabled by default on client versions of Windows
#

---------------  S U M M A R Y ------------

Command Line: --add-modules=ALL-SYSTEM --add-opens=java.base/java.util=ALL-UNNAMED --add-opens=java.base/java.lang=ALL-UNNAMED --add-opens=java.base/sun.nio.fs=ALL-UNNAMED -Declipse.application=org.eclipse.jdt.ls.core.id1 -Dosgi.bundles.defaultStartLevel=4 -Declipse.product=org.eclipse.jdt.ls.core.product -Djava.import.generatesMetadataFilesAtProjectRoot=false -DDetectVMInstallationsJob.disabled=true -Dfile.encoding=utf8 -XX:+UseParallelGC -XX:GCTimeRatio=4 -XX:AdaptiveSizePolicyWeight=90 -Dsun.zip.disableMemoryMapping=true -Xmx1G -Xms100m -Xlog:disable -javaagent:c:\Users\K1000\.vscode\extensions\redhat.java-1.31.0-win32-x64\lombok\lombok-1.18.32.jar c:\Users\K1000\.vscode\extensions\redhat.java-1.31.0-win32-x64\server\plugins\org.eclipse.equinox.launcher_1.6.800.v20240513-1750.jar -configuration c:\Users\K1000\AppData\Roaming\Code\User\globalStorage\redhat.java\1.31.0\config_ss_win -data c:\Users\K1000\AppData\Roaming\Code\User\workspaceStorage\cc7bd9972263965d18e41b9f8799afce\redhat.java\ss_ws --pipe=\\.\pipe\lsp-caec11828eec170d590fd7f89b169bfb-sock

Host: 13th Gen Intel(R) Core(TM) i5-1335U, 12 cores, 7G,  Windows 11 , 64 bit Build 22621 (10.0.22621.3527)
Time: Sat Jun  1 15:53:04 2024 Romance Daylight Time elapsed time: 2.346637 seconds (0d 0h 0m 2s)

---------------  T H R E A D  ---------------

Current thread (0x00000188504f9a80):  JavaThread "C2 CompilerThread0" daemon [_thread_in_native, id=11256, stack(0x000000048fb00000,0x000000048fc00000)]


Current CompileTask:
C2:   2346 2087       4       java.io.DataInputStream::readUTF (501 bytes)

Stack: [0x000000048fb00000,0x000000048fc00000]
Native frames: (J=compiled Java code, j=interpreted, Vv=VM code, C=native code)
V  [jvm.dll+0x67d429]
V  [jvm.dll+0x834b7a]
V  [jvm.dll+0x83663e]
V  [jvm.dll+0x836ca3]
V  [jvm.dll+0x247dbf]
V  [jvm.dll+0xac534]
V  [jvm.dll+0xacb7c]
V  [jvm.dll+0x366647]
V  [jvm.dll+0x330bba]
V  [jvm.dll+0x33005a]
V  [jvm.dll+0x21a471]
V  [jvm.dll+0x2198b1]
V  [jvm.dll+0x1a534d]
V  [jvm.dll+0x2295cd]
V  [jvm.dll+0x22779c]
V  [jvm.dll+0x7e9d07]
V  [jvm.dll+0x7e410a]
V  [jvm.dll+0x67c315]
C  [ucrtbase.dll+0x29333]
C  [KERNEL32.DLL+0x1257d]
C  [ntdll.dll+0x5aa48]


---------------  P R O C E S S  ---------------

Threads class SMR info:
_java_thread_list=0x000001885289ddd0, length=18, elements={
0x00000188374ba100, 0x00000188504d6010, 0x00000188504d9bc0, 0x00000188504eee30,
0x00000188504ef9c0, 0x00000188504f0550, 0x00000188504f6620, 0x00000188504f9a80,
0x0000018850507c30, 0x0000018850508dd0, 0x00000188506736a0, 0x00000188507e5f30,
0x000001885228bc80, 0x00000188523029a0, 0x00000188522d18c0, 0x000001885272d340,
0x0000018852651f40, 0x00000188528a4080
}

Java Threads: ( => current thread )
  0x00000188374ba100 JavaThread "main" [_thread_in_vm, id=17672, stack(0x000000048f200000,0x000000048f300000)]
  0x00000188504d6010 JavaThread "Reference Handler" daemon [_thread_blocked, id=1372, stack(0x000000048f500000,0x000000048f600000)]
  0x00000188504d9bc0 JavaThread "Finalizer" daemon [_thread_blocked, id=7280, stack(0x000000048f600000,0x000000048f700000)]
  0x00000188504eee30 JavaThread "Signal Dispatcher" daemon [_thread_blocked, id=10764, stack(0x000000048f700000,0x000000048f800000)]
  0x00000188504ef9c0 JavaThread "Attach Listener" daemon [_thread_blocked, id=13556, stack(0x000000048f800000,0x000000048f900000)]
  0x00000188504f0550 JavaThread "Service Thread" daemon [_thread_blocked, id=22104, stack(0x000000048f900000,0x000000048fa00000)]
  0x00000188504f6620 JavaThread "Monitor Deflation Thread" daemon [_thread_blocked, id=1904, stack(0x000000048fa00000,0x000000048fb00000)]
=>0x00000188504f9a80 JavaThread "C2 CompilerThread0" daemon [_thread_in_native, id=11256, stack(0x000000048fb00000,0x000000048fc00000)]
  0x0000018850507c30 JavaThread "C1 CompilerThread0" daemon [_thread_in_native, id=22632, stack(0x000000048fc00000,0x000000048fd00000)]
  0x0000018850508dd0 JavaThread "Sweeper thread" daemon [_thread_blocked, id=1144, stack(0x000000048fd00000,0x000000048fe00000)]
  0x00000188506736a0 JavaThread "Common-Cleaner" daemon [_thread_blocked, id=13844, stack(0x000000048fe00000,0x000000048ff00000)]
  0x00000188507e5f30 JavaThread "Notification Thread" daemon [_thread_blocked, id=23304, stack(0x000000048ff00000,0x0000000490000000)]
  0x000001885228bc80 JavaThread "Active Thread: Equinox Container: 914f66ab-d8d0-4361-9887-b8f48f21ad25" [_thread_blocked, id=5864, stack(0x0000000490700000,0x0000000490800000)]
  0x00000188523029a0 JavaThread "Framework Event Dispatcher: Equinox Container: 914f66ab-d8d0-4361-9887-b8f48f21ad25" daemon [_thread_blocked, id=6892, stack(0x0000000490800000,0x0000000490900000)]
  0x00000188522d18c0 JavaThread "Start Level: Equinox Container: 914f66ab-d8d0-4361-9887-b8f48f21ad25" daemon [_thread_in_native, id=15064, stack(0x0000000490900000,0x0000000490a00000)]
  0x000001885272d340 JavaThread "SCR Component Actor" daemon [_thread_blocked, id=4580, stack(0x0000000490a00000,0x0000000490b00000)]
  0x0000018852651f40 JavaThread "SCR Component Registry" daemon [_thread_blocked, id=3028, stack(0x0000000490c00000,0x0000000490d00000)]
  0x00000188528a4080 JavaThread "Worker-JM" [_thread_blocked, id=21588, stack(0x0000000490d00000,0x0000000490e00000)]

Other Threads:
  0x000001883755ec50 VMThread "VM Thread" [stack: 0x000000048f400000,0x000000048f500000] [id=412]
  0x00000188507e6410 WatcherThread [stack: 0x0000000490000000,0x0000000490100000] [id=14796]
  0x00000188374cf9e0 GCTaskThread "GC Thread#0" [stack: 0x000000048f300000,0x000000048f400000] [id=16408]
  0x0000018852483be0 GCTaskThread "GC Thread#1" [stack: 0x0000000490100000,0x0000000490200000] [id=14924]
  0x0000018852483ea0 GCTaskThread "GC Thread#2" [stack: 0x0000000490200000,0x0000000490300000] [id=2064]
  0x0000018852484160 GCTaskThread "GC Thread#3" [stack: 0x0000000490300000,0x0000000490400000] [id=23284]
  0x0000018852484420 GCTaskThread "GC Thread#4" [stack: 0x0000000490400000,0x0000000490500000] [id=20876]
  0x0000018852260700 GCTaskThread "GC Thread#5" [stack: 0x0000000490500000,0x0000000490600000] [id=8836]
  0x00000188522609c0 GCTaskThread "GC Thread#6" [stack: 0x0000000490600000,0x0000000490700000] [id=18472]
  0x00000188525fde20 GCTaskThread "GC Thread#7" [stack: 0x0000000490b00000,0x0000000490c00000] [id=21920]
  0x00000188528fe380 GCTaskThread "GC Thread#8" [stack: 0x0000000490e00000,0x0000000490f00000] [id=21224]
  0x00000188528fea50 GCTaskThread "GC Thread#9" [stack: 0x0000000490f00000,0x0000000491000000] [id=18316]

Threads with active compile tasks:
C2 CompilerThread0     2370 2087       4       java.io.DataInputStream::readUTF (501 bytes)

VM state: not at safepoint (normal execution)

VM Mutex/Monitor currently owned by a thread: None

Heap address: 0x00000000c0000000, size: 1024 MB, Compressed Oops mode: 32-bit

CDS archive(s) not mapped
Compressed class space mapped at: 0x0000000100000000-0x0000000140000000, reserved size: 1073741824
Narrow klass base: 0x0000000000000000, Narrow klass shift: 3, Narrow klass range: 0x140000000

GC Precious Log:
 CPUs: 12 total, 12 available
 Memory: 7876M
 Large Page Support: Disabled
 NUMA Support: Disabled
 Compressed Oops: Enabled (32-bit)
 Alignments: Space 512K, Generation 512K, Heap 2M
 Heap Min Capacity: 100M
 Heap Initial Capacity: 100M
 Heap Max Capacity: 1G
 Pre-touch: Disabled
 Parallel Workers: 10

Heap:
 PSYoungGen      total 29696K, used 9094K [0x00000000eab00000, 0x00000000ecc00000, 0x0000000100000000)
  eden space 25600K, 19% used [0x00000000eab00000,0x00000000eafe9760,0x00000000ec400000)
  from space 4096K, 99% used [0x00000000ec400000,0x00000000ec7f8310,0x00000000ec800000)
  to   space 4096K, 0% used [0x00000000ec800000,0x00000000ec800000,0x00000000ecc00000)
 ParOldGen       total 68608K, used 2432K [0x00000000c0000000, 0x00000000c4300000, 0x00000000eab00000)
  object space 68608K, 3% used [0x00000000c0000000,0x00000000c02603b0,0x00000000c4300000)
 Metaspace       used 20561K, committed 21056K, reserved 1114112K
  class space    used 2101K, committed 2368K, reserved 1048576K

Card table byte_map: [0x0000018836e40000,0x0000018837050000] _byte_map_base: 0x0000018836840000

Marking Bits: (ParMarkBitMap*) 0x00007ffb440bd820
 Begin Bits: [0x0000018849140000, 0x000001884a140000)
 End Bits:   [0x000001884a140000, 0x000001884b140000)

Polling page: 0x0000018835380000

Metaspace:

Usage:
  Non-class:     18.03 MB used.
      Class:      2.05 MB used.
       Both:     20.08 MB used.

Virtual space:
  Non-class space:       64.00 MB reserved,      18.25 MB ( 29%) committed,  1 nodes.
      Class space:        1.00 GB reserved,       2.31 MB ( <1%) committed,  1 nodes.
             Both:        1.06 GB reserved,      20.56 MB (  2%) committed. 

Chunk freelists:
   Non-Class:  13.58 MB
       Class:  13.73 MB
        Both:  27.31 MB

MaxMetaspaceSize: unlimited
CompressedClassSpaceSize: 1.00 GB
Initial GC threshold: 21.00 MB
Current GC threshold: 21.00 MB
CDS: off
MetaspaceReclaimPolicy: balanced
 - commit_granule_bytes: 65536.
 - commit_granule_words: 8192.
 - virtual_space_node_default_size: 8388608.
 - enlarge_chunks_in_place: 1.
 - new_chunks_are_fully_committed: 0.
 - uncommit_free_chunks: 1.
 - use_allocation_guard: 0.
 - handle_deallocations: 1.


Internal statistics:

num_allocs_failed_limit: 0.
num_arena_births: 236.
num_arena_deaths: 0.
num_vsnodes_births: 2.
num_vsnodes_deaths: 0.
num_space_committed: 329.
num_space_uncommitted: 0.
num_chunks_returned_to_freelist: 0.
num_chunks_taken_from_freelist: 716.
num_chunk_merges: 0.
num_chunk_splits: 450.
num_chunks_enlarged: 308.
num_inconsistent_stats: 0.

CodeHeap 'non-profiled nmethods': size=120000Kb used=818Kb max_used=818Kb free=119182Kb
 bounds [0x0000018841c10000, 0x0000018841e80000, 0x0000018849140000]
CodeHeap 'profiled nmethods': size=120000Kb used=4126Kb max_used=4126Kb free=115873Kb
 bounds [0x000001883a140000, 0x000001883a550000, 0x0000018841670000]
CodeHeap 'non-nmethods': size=5760Kb used=1186Kb max_used=1202Kb free=4573Kb
 bounds [0x0000018841670000, 0x00000188418e0000, 0x0000018841c10000]
 total_blobs=2597 nmethods=2111 adapters=400
 compilation: enabled
              stopped_count=0, restarted_count=0
 full_count=0

Compilation events (20 events):
Event: 2.308 Thread 0x00000188504f9a80 2081       4       org.eclipse.osgi.internal.hookregistry.ClassLoaderHook::preFindLocalClass (1 bytes)
Event: 2.308 Thread 0x0000018850507c30 2083       2       java.io.DataInputStream::readUnsignedShort (38 bytes)
Event: 2.308 Thread 0x00000188504f9a80 nmethod 2081 0x0000018841cda710 code [0x0000018841cda880, 0x0000018841cda8f8]
Event: 2.308 Thread 0x00000188504f9a80 2082 %     4       java.io.DataInputStream::readUTF @ 92 (501 bytes)
Event: 2.308 Thread 0x0000018850507c30 nmethod 2083 0x000001883a532d90 code [0x000001883a532f40, 0x000001883a533168]
Event: 2.308 Thread 0x0000018850507c30 2084       3       org.eclipse.core.internal.registry.ConfigurationElementHandle::getConfigurationElement (18 bytes)
Event: 2.309 Thread 0x0000018850507c30 nmethod 2084 0x000001883a533290 code [0x000001883a533460, 0x000001883a5338a8]
Event: 2.320 Thread 0x0000018850507c30 2085       3       java.lang.System::getProperty (25 bytes)
Event: 2.321 Thread 0x0000018850507c30 nmethod 2085 0x000001883a533a10 code [0x000001883a533c20, 0x000001883a5342f8]
Event: 2.323 Thread 0x00000188504f9a80 nmethod 2082% 0x0000018841cdaa10 code [0x0000018841cdabc0, 0x0000018841cdb618]
Event: 2.327 Thread 0x00000188504f9a80 2086       4       org.eclipse.core.internal.registry.BufferedRandomInputStream::read (41 bytes)
Event: 2.328 Thread 0x00000188504f9a80 nmethod 2086 0x0000018841cdbb90 code [0x0000018841cdbd20, 0x0000018841cdbe28]
Event: 2.328 Thread 0x00000188504f9a80 2087       4       java.io.DataInputStream::readUTF (501 bytes)
Event: 2.340 Thread 0x0000018850507c30 2089       3       jdk.internal.loader.BuiltinClassLoader::hasClassPath (13 bytes)
Event: 2.340 Thread 0x0000018850507c30 nmethod 2089 0x000001883a534590 code [0x000001883a534720, 0x000001883a534898]
Event: 2.340 Thread 0x0000018850507c30 2090       3       java.util.concurrent.ConcurrentHashMap::values (25 bytes)
Event: 2.341 Thread 0x0000018850507c30 nmethod 2090 0x000001883a534910 code [0x000001883a534ac0, 0x000001883a534dd8]
Event: 2.341 Thread 0x0000018850507c30 2091       3       java.util.concurrent.ConcurrentHashMap$ValuesView::iterator (34 bytes)
Event: 2.341 Thread 0x0000018850507c30 nmethod 2091 0x000001883a534f10 code [0x000001883a5350c0, 0x000001883a5352e8]
Event: 2.344 Thread 0x0000018850507c30 2092       3       com.sun.org.apache.xerces.internal.xni.QName::clear (21 bytes)

GC Heap History (6 events):
Event: 0.902 GC heap before
{Heap before GC invocations=1 (full 0):
 PSYoungGen      total 29696K, used 25600K [0x00000000eab00000, 0x00000000ecc00000, 0x0000000100000000)
  eden space 25600K, 100% used [0x00000000eab00000,0x00000000ec400000,0x00000000ec400000)
  from space 4096K, 0% used [0x00000000ec800000,0x00000000ec800000,0x00000000ecc00000)
  to   space 4096K, 0% used [0x00000000ec400000,0x00000000ec400000,0x00000000ec800000)
 ParOldGen       total 68608K, used 0K [0x00000000c0000000, 0x00000000c4300000, 0x00000000eab00000)
  object space 68608K, 0% used [0x00000000c0000000,0x00000000c0000000,0x00000000c4300000)
 Metaspace       used 10998K, committed 11200K, reserved 1114112K
  class space    used 1098K, committed 1216K, reserved 1048576K
}
Event: 0.907 GC heap after
{Heap after GC invocations=1 (full 0):
 PSYoungGen      total 29696K, used 3156K [0x00000000eab00000, 0x00000000ecc00000, 0x0000000100000000)
  eden space 25600K, 0% used [0x00000000eab00000,0x00000000eab00000,0x00000000ec400000)
  from space 4096K, 77% used [0x00000000ec400000,0x00000000ec715268,0x00000000ec800000)
  to   space 4096K, 0% used [0x00000000ec800000,0x00000000ec800000,0x00000000ecc00000)
 ParOldGen       total 68608K, used 16K [0x00000000c0000000, 0x00000000c4300000, 0x00000000eab00000)
  object space 68608K, 0% used [0x00000000c0000000,0x00000000c0004000,0x00000000c4300000)
 Metaspace       used 10998K, committed 11200K, reserved 1114112K
  class space    used 1098K, committed 1216K, reserved 1048576K
}
Event: 1.593 GC heap before
{Heap before GC invocations=2 (full 0):
 PSYoungGen      total 29696K, used 28756K [0x00000000eab00000, 0x00000000ecc00000, 0x0000000100000000)
  eden space 25600K, 100% used [0x00000000eab00000,0x00000000ec400000,0x00000000ec400000)
  from space 4096K, 77% used [0x00000000ec400000,0x00000000ec715268,0x00000000ec800000)
  to   space 4096K, 0% used [0x00000000ec800000,0x00000000ec800000,0x00000000ecc00000)
 ParOldGen       total 68608K, used 16K [0x00000000c0000000, 0x00000000c4300000, 0x00000000eab00000)
  object space 68608K, 0% used [0x00000000c0000000,0x00000000c0004000,0x00000000c4300000)
 Metaspace       used 14686K, committed 14912K, reserved 1114112K
  class space    used 1486K, committed 1600K, reserved 1048576K
}
Event: 1.599 GC heap after
{Heap after GC invocations=2 (full 0):
 PSYoungGen      total 29696K, used 4073K [0x00000000eab00000, 0x00000000ecc00000, 0x0000000100000000)
  eden space 25600K, 0% used [0x00000000eab00000,0x00000000eab00000,0x00000000ec400000)
  from space 4096K, 99% used [0x00000000ec800000,0x00000000ecbfa778,0x00000000ecc00000)
  to   space 4096K, 0% used [0x00000000ec400000,0x00000000ec400000,0x00000000ec800000)
 ParOldGen       total 68608K, used 744K [0x00000000c0000000, 0x00000000c4300000, 0x00000000eab00000)
  object space 68608K, 1% used [0x00000000c0000000,0x00000000c00ba360,0x00000000c4300000)
 Metaspace       used 14686K, committed 14912K, reserved 1114112K
  class space    used 1486K, committed 1600K, reserved 1048576K
}
Event: 2.204 GC heap before
{Heap before GC invocations=3 (full 0):
 PSYoungGen      total 29696K, used 29673K [0x00000000eab00000, 0x00000000ecc00000, 0x0000000100000000)
  eden space 25600K, 100% used [0x00000000eab00000,0x00000000ec400000,0x00000000ec400000)
  from space 4096K, 99% used [0x00000000ec800000,0x00000000ecbfa778,0x00000000ecc00000)
  to   space 4096K, 0% used [0x00000000ec400000,0x00000000ec400000,0x00000000ec800000)
 ParOldGen       total 68608K, used 744K [0x00000000c0000000, 0x00000000c4300000, 0x00000000eab00000)
  object space 68608K, 1% used [0x00000000c0000000,0x00000000c00ba360,0x00000000c4300000)
 Metaspace       used 19727K, committed 20160K, reserved 1114112K
  class space    used 2016K, committed 2176K, reserved 1048576K
}
Event: 2.209 GC heap after
{Heap after GC invocations=3 (full 0):
 PSYoungGen      total 29696K, used 4064K [0x00000000eab00000, 0x00000000ecc00000, 0x0000000100000000)
  eden space 25600K, 0% used [0x00000000eab00000,0x00000000eab00000,0x00000000ec400000)
  from space 4096K, 99% used [0x00000000ec400000,0x00000000ec7f8310,0x00000000ec800000)
  to   space 4096K, 0% used [0x00000000ec800000,0x00000000ec800000,0x00000000ecc00000)
 ParOldGen       total 68608K, used 2432K [0x00000000c0000000, 0x00000000c4300000, 0x00000000eab00000)
  object space 68608K, 3% used [0x00000000c0000000,0x00000000c02603b0,0x00000000c4300000)
 Metaspace       used 19727K, committed 20160K, reserved 1114112K
  class space    used 2016K, committed 2176K, reserved 1048576K
}

Dll operation events (9 events):
Event: 0.016 Loaded shared library c:\Users\K1000\.vscode\extensions\redhat.java-1.31.0-win32-x64\jre\17.0.11-win32-x86_64\bin\java.dll
Event: 0.189 Loaded shared library c:\Users\K1000\.vscode\extensions\redhat.java-1.31.0-win32-x64\jre\17.0.11-win32-x86_64\bin\zip.dll
Event: 0.191 Loaded shared library C:\Users\K1000\.vscode\extensions\redhat.java-1.31.0-win32-x64\jre\17.0.11-win32-x86_64\bin\instrument.dll
Event: 0.207 Loaded shared library C:\Users\K1000\.vscode\extensions\redhat.java-1.31.0-win32-x64\jre\17.0.11-win32-x86_64\bin\net.dll
Event: 0.210 Loaded shared library C:\Users\K1000\.vscode\extensions\redhat.java-1.31.0-win32-x64\jre\17.0.11-win32-x86_64\bin\nio.dll
Event: 0.220 Loaded shared library C:\Users\K1000\.vscode\extensions\redhat.java-1.31.0-win32-x64\jre\17.0.11-win32-x86_64\bin\zip.dll
Event: 0.239 Loaded shared library C:\Users\K1000\.vscode\extensions\redhat.java-1.31.0-win32-x64\jre\17.0.11-win32-x86_64\bin\jimage.dll
Event: 0.313 Loaded shared library c:\Users\K1000\.vscode\extensions\redhat.java-1.31.0-win32-x64\jre\17.0.11-win32-x86_64\bin\verify.dll
Event: 1.436 Loaded shared library C:\Users\K1000\AppData\Roaming\Code\User\globalStorage\redhat.java\1.31.0\config_ss_win\org.eclipse.equinox.launcher\org.eclipse.equinox.launcher.win32.win32.x86_64_1.2.1000.v20240507-1834\eclipse_11902.dll

Deoptimization events (20 events):
Event: 2.291 Thread 0x00000188522d18c0 Uncommon trap: trap_request=0xffffffc6 fr.pc=0x0000018841cbb8b0 relative=0x0000000000001d10
Event: 2.291 Thread 0x00000188522d18c0 Uncommon trap: reason=bimorphic_or_optimized_type_check action=maybe_recompile pc=0x0000018841cbb8b0 method=java.io.DataInputStream.readUnsignedShort()I @ 6 c2
Event: 2.291 Thread 0x00000188522d18c0 DEOPT PACKING pc=0x0000018841cbb8b0 sp=0x00000004909f9160
Event: 2.291 Thread 0x00000188522d18c0 DEOPT UNPACKING pc=0x00000188416c66a3 sp=0x00000004909f90e0 mode 2
Event: 2.291 Thread 0x00000188522d18c0 Uncommon trap: trap_request=0xffffffc6 fr.pc=0x0000018841cbb8b0 relative=0x0000000000001d10
Event: 2.291 Thread 0x00000188522d18c0 Uncommon trap: reason=bimorphic_or_optimized_type_check action=maybe_recompile pc=0x0000018841cbb8b0 method=java.io.DataInputStream.readUnsignedShort()I @ 6 c2
Event: 2.291 Thread 0x00000188522d18c0 DEOPT PACKING pc=0x0000018841cbb8b0 sp=0x00000004909f90a0
Event: 2.291 Thread 0x00000188522d18c0 DEOPT UNPACKING pc=0x00000188416c66a3 sp=0x00000004909f9020 mode 2
Event: 2.292 Thread 0x00000188522d18c0 Uncommon trap: trap_request=0xffffffc6 fr.pc=0x0000018841cbb8b0 relative=0x0000000000001d10
Event: 2.292 Thread 0x00000188522d18c0 Uncommon trap: reason=bimorphic_or_optimized_type_check action=maybe_recompile pc=0x0000018841cbb8b0 method=java.io.DataInputStream.readUnsignedShort()I @ 6 c2
Event: 2.292 Thread 0x00000188522d18c0 DEOPT PACKING pc=0x0000018841cbb8b0 sp=0x00000004909f8ff0
Event: 2.292 Thread 0x00000188522d18c0 DEOPT UNPACKING pc=0x00000188416c66a3 sp=0x00000004909f8f70 mode 2
Event: 2.292 Thread 0x00000188522d18c0 Uncommon trap: trap_request=0xffffffc6 fr.pc=0x0000018841cc6d74 relative=0x0000000000000694
Event: 2.292 Thread 0x00000188522d18c0 Uncommon trap: reason=bimorphic_or_optimized_type_check action=maybe_recompile pc=0x0000018841cc6d74 method=java.io.DataInputStream.readUnsignedShort()I @ 6 c2
Event: 2.292 Thread 0x00000188522d18c0 DEOPT PACKING pc=0x0000018841cc6d74 sp=0x00000004909f8fa0
Event: 2.292 Thread 0x00000188522d18c0 DEOPT UNPACKING pc=0x00000188416c66a3 sp=0x00000004909f8f68 mode 2
Event: 2.320 Thread 0x00000188522d18c0 Uncommon trap: trap_request=0xffffff45 fr.pc=0x0000018841ca05c0 relative=0x0000000000000040
Event: 2.320 Thread 0x00000188522d18c0 Uncommon trap: reason=unstable_if action=reinterpret pc=0x0000018841ca05c0 method=sun.nio.fs.WindowsPathParser.isSlash(C)Z @ 9 c2
Event: 2.320 Thread 0x00000188522d18c0 DEOPT PACKING pc=0x0000018841ca05c0 sp=0x00000004909f8e80
Event: 2.320 Thread 0x00000188522d18c0 DEOPT UNPACKING pc=0x00000188416c66a3 sp=0x00000004909f8e08 mode 2

Classes unloaded (0 events):
No events

Classes redefined (0 events):
No events

Internal exceptions (20 events):
Event: 1.555 Thread 0x00000188522d18c0 Exception <a 'java/lang/NullPointerException'{0x00000000ec2d6838}> (0x00000000ec2d6838) 
thrown [s\src\hotspot\share\interpreter\linkResolver.cpp, line 1350]
Event: 1.555 Thread 0x00000188522d18c0 Exception <a 'java/lang/NullPointerException'{0x00000000ec2d6b10}> (0x00000000ec2d6b10) 
thrown [s\src\hotspot\share\interpreter\linkResolver.cpp, line 1350]
Event: 1.806 Thread 0x00000188522d18c0 Exception <a 'java/io/FileNotFoundException'{0x00000000eb580528}> (0x00000000eb580528) 
thrown [s\src\hotspot\share\prims\jni.cpp, line 516]
Event: 1.857 Thread 0x00000188522d18c0 Exception <a 'java/lang/NoSuchMethodError'{0x00000000eb71fcc8}: 'java.lang.Object java.lang.invoke.Invokers$Holder.invokeExact_MT(java.lang.Object, java.lang.Object, java.lang.Object, java.lang.Object, java.lang.Object, java.lang.Object)'> (0x00000000eb71fcc8) 
thrown [s\src\hotspot\share\interpreter\linkResolver.cpp, line 759]
Event: 1.904 Thread 0x00000188522d18c0 Exception <a 'java/lang/NoSuchMethodError'{0x00000000eb8445d8}: 'java.lang.Object java.lang.invoke.Invokers$Holder.linkToTargetMethod(java.lang.Object, long, java.lang.Object)'> (0x00000000eb8445d8) 
thrown [s\src\hotspot\share\interpreter\linkResolver.cpp, line 759]
Event: 1.994 Thread 0x00000188522d18c0 Exception <a 'java/lang/NoSuchMethodError'{0x00000000ebbfbb90}: 'void java.lang.invoke.DirectMethodHandle$Holder.invokeInterface(java.lang.Object, java.lang.Object, java.lang.Object)'> (0x00000000ebbfbb90) 
thrown [s\src\hotspot\share\interpreter\linkResolver.cpp, line 759]
Event: 2.073 Thread 0x00000188522d18c0 Exception <a 'java/lang/NoSuchMethodError'{0x00000000ebf303a0}: 'void java.lang.invoke.DirectMethodHandle$Holder.invokeVirtual(java.lang.Object, java.lang.Object)'> (0x00000000ebf303a0) 
thrown [s\src\hotspot\share\interpreter\linkResolver.cpp, line 759]
Event: 2.097 Thread 0x00000188522d18c0 Exception <a 'java/lang/NoSuchMethodError'{0x00000000ec03dc08}: 'java.lang.Object java.lang.invoke.DirectMethodHandle$Holder.invokeStatic(java.lang.Object, java.lang.Object, int)'> (0x00000000ec03dc08) 
thrown [s\src\hotspot\share\interpreter\linkResolver.cpp, line 759]
Event: 2.098 Thread 0x00000188522d18c0 Exception <a 'java/lang/NoSuchMethodError'{0x00000000ec0427b8}: 'void java.lang.invoke.DirectMethodHandle$Holder.invokeStatic(java.lang.Object, java.lang.Object, int, java.lang.Object)'> (0x00000000ec0427b8) 
thrown [s\src\hotspot\share\interpreter\linkResolver.cpp, line 759]
Event: 2.099 Thread 0x00000188522d18c0 Exception <a 'java/lang/NoSuchMethodError'{0x00000000ec049ee8}: 'void java.lang.invoke.DelegatingMethodHandle$Holder.delegate(java.lang.Object, java.lang.Object, int, java.lang.Object)'> (0x00000000ec049ee8) 
thrown [s\src\hotspot\share\interpreter\linkResolver.cpp, line 759]
Event: 2.100 Thread 0x00000188522d18c0 Exception <a 'java/lang/NoSuchMethodError'{0x00000000ec04e570}: 'int java.lang.invoke.DirectMethodHandle$Holder.invokeSpecial(java.lang.Object, java.lang.Object, java.lang.Object)'> (0x00000000ec04e570) 
thrown [s\src\hotspot\share\interpreter\linkResolver.cpp, line 759]
Event: 2.102 Thread 0x00000188522d18c0 Exception <a 'java/lang/NoSuchMethodError'{0x00000000ec05f200}: 'int java.lang.invoke.DirectMethodHandle$Holder.invokeStatic(java.lang.Object, java.lang.Object, int)'> (0x00000000ec05f200) 
thrown [s\src\hotspot\share\interpreter\linkResolver.cpp, line 759]
Event: 2.102 Thread 0x00000188522d18c0 Exception <a 'java/lang/NoSuchMethodError'{0x00000000ec063228}: 'int java.lang.invoke.DirectMethodHandle$Holder.invokeSpecial(java.lang.Object, java.lang.Object, java.lang.Object, int)'> (0x00000000ec063228) 
thrown [s\src\hotspot\share\interpreter\linkResolver.cpp, line 759]
Event: 2.105 Thread 0x00000188522d18c0 Exception <a 'java/lang/NoSuchMethodError'{0x00000000ec07e818}: 'java.lang.Object java.lang.invoke.DirectMethodHandle$Holder.invokeStatic(java.lang.Object, java.lang.Object, java.lang.Object, java.lang.Object, int)'> (0x00000000ec07e818) 
thrown [s\src\hotspot\share\interpreter\linkResolver.cpp, line 759]
Event: 2.106 Thread 0x00000188522d18c0 Exception <a 'java/lang/NoSuchMethodError'{0x00000000ec08a810}: 'java.lang.Object java.lang.invoke.DelegatingMethodHandle$Holder.reinvoke_L(java.lang.Object, java.lang.Object, java.lang.Object, java.lang.Object, int, int)'> (0x00000000ec08a810) 
thrown [s\src\hotspot\share\interpreter\linkResolver.cpp, line 759]
Event: 2.109 Thread 0x00000188522d18c0 Exception <a 'java/lang/NoSuchMethodError'{0x00000000ec09ede0}: 'java.lang.Object java.lang.invoke.Invokers$Holder.invokeExact_MT(java.lang.Object, java.lang.Object, java.lang.Object, java.lang.Object)'> (0x00000000ec09ede0) 
thrown [s\src\hotspot\share\interpreter\linkResolver.cpp, line 759]
Event: 2.184 Thread 0x00000188522d18c0 Exception <a 'java/io/FileNotFoundException'{0x00000000ec300740}> (0x00000000ec300740) 
thrown [s\src\hotspot\share\prims\jni.cpp, line 516]
Event: 2.186 Thread 0x00000188522d18c0 Exception <a 'java/io/FileNotFoundException'{0x00000000ec31f0d0}> (0x00000000ec31f0d0) 
thrown [s\src\hotspot\share\prims\jni.cpp, line 516]
Event: 2.294 Thread 0x00000188522d18c0 Exception <a 'java/lang/NoSuchMethodError'{0x00000000ead14240}: 'java.lang.Object java.lang.invoke.DirectMethodHandle$Holder.newInvokeSpecial(java.lang.Object, java.lang.Object, java.lang.Object, java.lang.Object, java.lang.Object)'> (0x00000000ead14240) 
thrown [s\src\hotspot\share\interpreter\linkResolver.cpp, line 759]
Event: 2.332 Thread 0x00000188522d18c0 Exception <a 'java/lang/NoSuchMethodError'{0x00000000eae53c08}: 'java.lang.Object java.lang.invoke.DirectMethodHandle$Holder.invokeStaticInit(java.lang.Object, int)'> (0x00000000eae53c08) 
thrown [s\src\hotspot\share\interpreter\linkResolver.cpp, line 759]

VM Operations (20 events):
Event: 0.902 Executing VM operation: ParallelGCFailedAllocation
Event: 0.907 Executing VM operation: ParallelGCFailedAllocation done
Event: 1.177 Executing VM operation: HandshakeAllThreads
Event: 1.177 Executing VM operation: HandshakeAllThreads done
Event: 1.177 Executing VM operation: HandshakeAllThreads
Event: 1.177 Executing VM operation: HandshakeAllThreads done
Event: 1.184 Executing VM operation: HandshakeAllThreads
Event: 1.185 Executing VM operation: HandshakeAllThreads done
Event: 1.202 Executing VM operation: HandshakeAllThreads
Event: 1.202 Executing VM operation: HandshakeAllThreads done
Event: 1.552 Executing VM operation: HandshakeAllThreads
Event: 1.552 Executing VM operation: HandshakeAllThreads done
Event: 1.593 Executing VM operation: ParallelGCFailedAllocation
Event: 1.599 Executing VM operation: ParallelGCFailedAllocation done
Event: 1.954 Executing VM operation: HandshakeAllThreads
Event: 1.954 Executing VM operation: HandshakeAllThreads done
Event: 2.097 Executing VM operation: HandshakeAllThreads
Event: 2.097 Executing VM operation: HandshakeAllThreads done
Event: 2.203 Executing VM operation: ParallelGCFailedAllocation
Event: 2.209 Executing VM operation: ParallelGCFailedAllocation done

Events (20 events):
Event: 2.323 loading class java/nio/file/DirectoryNotEmptyException
Event: 2.323 loading class java/nio/file/DirectoryNotEmptyException done
Event: 2.331 loading class java/util/AbstractMap$2
Event: 2.331 loading class java/util/AbstractMap$2 done
Event: 2.333 loading class java/util/AbstractMap$2$1
Event: 2.333 loading class java/util/AbstractMap$2$1 done
Event: 2.337 loading class org/xml/sax/SAXParseException
Event: 2.337 loading class org/xml/sax/SAXParseException done
Event: 2.339 loading class javax/xml/parsers/DocumentBuilderFactory
Event: 2.339 loading class javax/xml/parsers/DocumentBuilderFactory done
Event: 2.341 loading class com/sun/org/apache/xerces/internal/jaxp/DocumentBuilderFactoryImpl
Event: 2.341 loading class com/sun/org/apache/xerces/internal/jaxp/DocumentBuilderFactoryImpl done
Event: 2.341 loading class com/sun/org/apache/xerces/internal/jaxp/DocumentBuilderImpl
Event: 2.342 loading class javax/xml/parsers/DocumentBuilder
Event: 2.342 loading class javax/xml/parsers/DocumentBuilder done
Event: 2.342 loading class com/sun/org/apache/xerces/internal/jaxp/DocumentBuilderImpl done
Event: 2.342 loading class com/sun/org/apache/xerces/internal/parsers/DOMParser
Event: 2.342 loading class com/sun/org/apache/xerces/internal/parsers/AbstractDOMParser
Event: 2.343 loading class com/sun/org/apache/xerces/internal/parsers/AbstractDOMParser done
Event: 2.344 loading class com/sun/org/apache/xerces/internal/parsers/DOMParser done


Dynamic libraries:
0x00007ff7ae950000 - 0x00007ff7ae95e000 	c:\Users\K1000\.vscode\extensions\redhat.java-1.31.0-win32-x64\jre\17.0.11-win32-x86_64\bin\java.exe
0x00007ffbdeb30000 - 0x00007ffbded47000 	C:\WINDOWS\SYSTEM32\ntdll.dll
0x00007ffbde2b0000 - 0x00007ffbde374000 	C:\WINDOWS\System32\KERNEL32.DLL
0x00007ffbdc1a0000 - 0x00007ffbdc547000 	C:\WINDOWS\System32\KERNELBASE.dll
0x00007ffbdc550000 - 0x00007ffbdc661000 	C:\WINDOWS\System32\ucrtbase.dll
0x00007ffbcda90000 - 0x00007ffbcdaa7000 	c:\Users\K1000\.vscode\extensions\redhat.java-1.31.0-win32-x64\jre\17.0.11-win32-x86_64\bin\jli.dll
0x00007ffbdcbd0000 - 0x00007ffbdcd7e000 	C:\WINDOWS\System32\USER32.dll
0x00007ffbdc060000 - 0x00007ffbdc086000 	C:\WINDOWS\System32\win32u.dll
0x00007ffbdd970000 - 0x00007ffbdd999000 	C:\WINDOWS\System32\GDI32.dll
0x00007ffbdbf10000 - 0x00007ffbdc029000 	C:\WINDOWS\System32\gdi32full.dll
0x00007ffbdc100000 - 0x00007ffbdc19a000 	C:\WINDOWS\System32\msvcp_win.dll
0x00007ffbcda70000 - 0x00007ffbcda8b000 	c:\Users\K1000\.vscode\extensions\redhat.java-1.31.0-win32-x64\jre\17.0.11-win32-x86_64\bin\VCRUNTIME140.dll
0x00007ffbbb5c0000 - 0x00007ffbbb853000 	C:\WINDOWS\WinSxS\amd64_microsoft.windows.common-controls_6595b64144ccf1df_6.0.22621.3527_none_270e469b73872a76\COMCTL32.dll
0x00007ffbdea40000 - 0x00007ffbdeae7000 	C:\WINDOWS\System32\msvcrt.dll
0x00007ffbdca20000 - 0x00007ffbdca51000 	C:\WINDOWS\System32\IMM32.DLL
0x00007ffba9db0000 - 0x00007ffba9e92000 	C:\Program Files\Windhawk\Engine\1.4.1\64\windhawk.dll
0x00007ffbde380000 - 0x00007ffbde432000 	C:\WINDOWS\System32\ADVAPI32.dll
0x00007ffbdd9a0000 - 0x00007ffbdda48000 	C:\WINDOWS\System32\sechost.dll
0x00007ffbdc030000 - 0x00007ffbdc058000 	C:\WINDOWS\System32\bcrypt.dll
0x00007ffbdd4d0000 - 0x00007ffbdd5e5000 	C:\WINDOWS\System32\RPCRT4.dll
0x00007ffbcdc90000 - 0x00007ffbcdc9c000 	c:\Users\K1000\.vscode\extensions\redhat.java-1.31.0-win32-x64\jre\17.0.11-win32-x86_64\bin\vcruntime140_1.dll
0x00007ffb7d710000 - 0x00007ffb7d79d000 	c:\Users\K1000\.vscode\extensions\redhat.java-1.31.0-win32-x64\jre\17.0.11-win32-x86_64\bin\msvcp140.dll
0x00007ffb43520000 - 0x00007ffb44182000 	c:\Users\K1000\.vscode\extensions\redhat.java-1.31.0-win32-x64\jre\17.0.11-win32-x86_64\bin\server\jvm.dll
0x00007ffbdbad0000 - 0x00007ffbdbb1d000 	C:\WINDOWS\SYSTEM32\POWRPROF.dll
0x00007ffb90640000 - 0x00007ffb90649000 	C:\WINDOWS\SYSTEM32\WSOCK32.dll
0x00007ffbdcd80000 - 0x00007ffbdcdf1000 	C:\WINDOWS\System32\WS2_32.dll
0x00007ffbd2610000 - 0x00007ffbd2644000 	C:\WINDOWS\SYSTEM32\WINMM.dll
0x00007ffbc47b0000 - 0x00007ffbc47ba000 	C:\WINDOWS\SYSTEM32\VERSION.dll
0x00007ffbdbab0000 - 0x00007ffbdbac3000 	C:\WINDOWS\SYSTEM32\UMPDC.dll
0x00007ffbdadb0000 - 0x00007ffbdadc8000 	C:\WINDOWS\SYSTEM32\kernel.appcore.dll
0x00007ffbcda00000 - 0x00007ffbcda0a000 	c:\Users\K1000\.vscode\extensions\redhat.java-1.31.0-win32-x64\jre\17.0.11-win32-x86_64\bin\jimage.dll
0x00007ffbd9730000 - 0x00007ffbd9962000 	C:\WINDOWS\SYSTEM32\DBGHELP.DLL
0x00007ffbdcef0000 - 0x00007ffbdd278000 	C:\WINDOWS\System32\combase.dll
0x00007ffbdce10000 - 0x00007ffbdcee7000 	C:\WINDOWS\System32\OLEAUT32.dll
0x00007ffbce720000 - 0x00007ffbce752000 	C:\WINDOWS\SYSTEM32\dbgcore.DLL
0x00007ffbdc670000 - 0x00007ffbdc6e9000 	C:\WINDOWS\System32\bcryptPrimitives.dll
0x00007ffbcd7f0000 - 0x00007ffbcd7fe000 	c:\Users\K1000\.vscode\extensions\redhat.java-1.31.0-win32-x64\jre\17.0.11-win32-x86_64\bin\instrument.dll
0x00007ffb98fb0000 - 0x00007ffb98fd5000 	c:\Users\K1000\.vscode\extensions\redhat.java-1.31.0-win32-x64\jre\17.0.11-win32-x86_64\bin\java.dll
0x00007ffbcd600000 - 0x00007ffbcd618000 	c:\Users\K1000\.vscode\extensions\redhat.java-1.31.0-win32-x64\jre\17.0.11-win32-x86_64\bin\zip.dll
0x00007ffbdda50000 - 0x00007ffbde2ac000 	C:\WINDOWS\System32\SHELL32.dll
0x00007ffbd9cb0000 - 0x00007ffbda5a6000 	C:\WINDOWS\SYSTEM32\windows.storage.dll
0x00007ffbd9b70000 - 0x00007ffbd9cae000 	C:\WINDOWS\SYSTEM32\wintypes.dll
0x00007ffbdd310000 - 0x00007ffbdd405000 	C:\WINDOWS\System32\SHCORE.dll
0x00007ffbde9d0000 - 0x00007ffbdea2e000 	C:\WINDOWS\System32\shlwapi.dll
0x00007ffbdbd80000 - 0x00007ffbdbda1000 	C:\WINDOWS\SYSTEM32\profapi.dll
0x00007ffbc6170000 - 0x00007ffbc6189000 	C:\Users\K1000\.vscode\extensions\redhat.java-1.31.0-win32-x64\jre\17.0.11-win32-x86_64\bin\net.dll
0x00007ffbd5430000 - 0x00007ffbd5566000 	C:\WINDOWS\SYSTEM32\WINHTTP.dll
0x00007ffbdb230000 - 0x00007ffbdb299000 	C:\WINDOWS\system32\mswsock.dll
0x00007ffbc60b0000 - 0x00007ffbc60c6000 	C:\Users\K1000\.vscode\extensions\redhat.java-1.31.0-win32-x64\jre\17.0.11-win32-x86_64\bin\nio.dll
0x00007ffbcd7e0000 - 0x00007ffbcd7f0000 	c:\Users\K1000\.vscode\extensions\redhat.java-1.31.0-win32-x64\jre\17.0.11-win32-x86_64\bin\verify.dll
0x00007ffb87470000 - 0x00007ffb874b4000 	C:\Users\K1000\AppData\Roaming\Code\User\globalStorage\redhat.java\1.31.0\config_ss_win\org.eclipse.equinox.launcher\org.eclipse.equinox.launcher.win32.win32.x86_64_1.2.1000.v20240507-1834\eclipse_11902.dll
0x00007ffbdd750000 - 0x00007ffbdd8f5000 	C:\WINDOWS\System32\ole32.dll

dbghelp: loaded successfully - version: 4.0.5 - missing functions: none
symbol engine: initialized successfully - sym options: 0x614 - pdb path: .;c:\Users\K1000\.vscode\extensions\redhat.java-1.31.0-win32-x64\jre\17.0.11-win32-x86_64\bin;C:\WINDOWS\SYSTEM32;C:\WINDOWS\WinSxS\amd64_microsoft.windows.common-controls_6595b64144ccf1df_6.0.22621.3527_none_270e469b73872a76;C:\Program Files\Windhawk\Engine\1.4.1\64;c:\Users\K1000\.vscode\extensions\redhat.java-1.31.0-win32-x64\jre\17.0.11-win32-x86_64\bin\server;C:\Users\K1000\AppData\Roaming\Code\User\globalStorage\redhat.java\1.31.0\config_ss_win\org.eclipse.equinox.launcher\org.eclipse.equinox.launcher.win32.win32.x86_64_1.2.1000.v20240507-1834

VM Arguments:
jvm_args: --add-modules=ALL-SYSTEM --add-opens=java.base/java.util=ALL-UNNAMED --add-opens=java.base/java.lang=ALL-UNNAMED --add-opens=java.base/sun.nio.fs=ALL-UNNAMED -Declipse.application=org.eclipse.jdt.ls.core.id1 -Dosgi.bundles.defaultStartLevel=4 -Declipse.product=org.eclipse.jdt.ls.core.product -Djava.import.generatesMetadataFilesAtProjectRoot=false -DDetectVMInstallationsJob.disabled=true -Dfile.encoding=utf8 -XX:+UseParallelGC -XX:GCTimeRatio=4 -XX:AdaptiveSizePolicyWeight=90 -Dsun.zip.disableMemoryMapping=true -Xmx1G -Xms100m -Xlog:disable -javaagent:c:\Users\K1000\.vscode\extensions\redhat.java-1.31.0-win32-x64\lombok\lombok-1.18.32.jar 
java_command: c:\Users\K1000\.vscode\extensions\redhat.java-1.31.0-win32-x64\server\plugins\org.eclipse.equinox.launcher_1.6.800.v20240513-1750.jar -configuration c:\Users\K1000\AppData\Roaming\Code\User\globalStorage\redhat.java\1.31.0\config_ss_win -data c:\Users\K1000\AppData\Roaming\Code\User\workspaceStorage\cc7bd9972263965d18e41b9f8799afce\redhat.java\ss_ws --pipe=\\.\pipe\lsp-caec11828eec170d590fd7f89b169bfb-sock
java_class_path (initial): c:\Users\K1000\.vscode\extensions\redhat.java-1.31.0-win32-x64\server\plugins\org.eclipse.equinox.launcher_1.6.800.v20240513-1750.jar
Launcher Type: SUN_STANDARD

[Global flags]
    uintx AdaptiveSizePolicyWeight                 = 90                                        {product} {command line}
     intx CICompilerCount                          = 4                                         {product} {ergonomic}
    uintx GCTimeRatio                              = 4                                         {product} {command line}
   size_t InitialHeapSize                          = 104857600                                 {product} {command line}
   size_t MaxHeapSize                              = 1073741824                                {product} {command line}
   size_t MaxNewSize                               = 357564416                                 {product} {ergonomic}
   size_t MinHeapDeltaBytes                        = 524288                                    {product} {ergonomic}
   size_t MinHeapSize                              = 104857600                                 {product} {command line}
   size_t NewSize                                  = 34603008                                  {product} {ergonomic}
    uintx NonNMethodCodeHeapSize                   = 5839372                                {pd product} {ergonomic}
    uintx NonProfiledCodeHeapSize                  = 122909434                              {pd product} {ergonomic}
   size_t OldSize                                  = 70254592                                  {product} {ergonomic}
    uintx ProfiledCodeHeapSize                     = 122909434                              {pd product} {ergonomic}
    uintx ReservedCodeCacheSize                    = 251658240                              {pd product} {ergonomic}
     bool SegmentedCodeCache                       = true                                      {product} {ergonomic}
   size_t SoftMaxHeapSize                          = 1073741824                             {manageable} {ergonomic}
     bool UseCompressedClassPointers               = true                           {product lp64_product} {ergonomic}
     bool UseCompressedOops                        = true                           {product lp64_product} {ergonomic}
     bool UseLargePagesIndividualAllocation        = false                                  {pd product} {ergonomic}
     bool UseParallelGC                            = true                                      {product} {command line}

Logging:
Log output configuration:
 #0: stdout all=off uptime,level,tags
 #1: stderr all=off uptime,level,tags

Environment Variables:
JAVA_HOME=C:\Program Files\Eclipse Adoptium\jdk-17.0.10.7-hotspot\
PATH=C:\Program Files\Eclipse Adoptium\jdk-17.0.10.7-hotspot\bin;C:\WINDOWS\system32;C:\WINDOWS;C:\WINDOWS\System32\Wbem;C:\WINDOWS\System32\WindowsPowerShell\v1.0\;C:\WINDOWS\System32\OpenSSH\;C:\Program Files\dotnet\;C:\Program Files\Git\cmd;C:\Program Files\nodejs\;C:\Program Files (x86)\Microsoft SQL Server\160\DTS\Binn\;C:\Users\K1000\AppData\Local\Programs\Python\Python312\Scripts\;C:\Users\K1000\AppData\Local\Programs\Python\Python312\;C:\Program Files\MySQL\MySQL Shell 8.0\bin\;C:\Users\K1000\AppData\Local\Microsoft\WindowsApps;D:\VSCode\Microsoft VS Code\bin;C:\Users\K1000\AppData\Roaming\npm;C:\Users\K1000\AppData\Local\GitHubDesktop\bin;C:\Users\K1000\.dotnet\tools;C:\Users\K1000\AppData\Local\atom\bin
USERNAME=K1000
OS=Windows_NT
PROCESSOR_IDENTIFIER=Intel64 Family 6 Model 186 Stepping 3, GenuineIntel
TMP=C:\Users\K1000\AppData\Local\Temp
TEMP=C:\Users\K1000\AppData\Local\Temp



Periodic native trim disabled


---------------  S Y S T E M  ---------------

OS:
 Windows 11 , 64 bit Build 22621 (10.0.22621.3527)
OS uptime: 4 days 22:00 hours
Hyper-V role detected

CPU: total 12 (initial active 12) (6 cores per cpu, 2 threads per core) family 6 model 186 stepping 3 microcode 0x4121, cx8, cmov, fxsr, ht, mmx, 3dnowpref, sse, sse2, sse3, ssse3, sse4.1, sse4.2, popcnt, lzcnt, tsc, tscinvbit, avx, avx2, aes, erms, clmul, bmi1, bmi2, adx, sha, fma, vzeroupper, clflush, clflushopt, clwb, hv
Processor Information for processor 0
  Max Mhz: 1300, Current Mhz: 1300, Mhz Limit: 1300
Processor Information for processor 1
  Max Mhz: 1300, Current Mhz: 1300, Mhz Limit: 1300
Processor Information for processor 2
  Max Mhz: 1300, Current Mhz: 1300, Mhz Limit: 1300
Processor Information for processor 3
  Max Mhz: 1300, Current Mhz: 1300, Mhz Limit: 1300
Processor Information for processor 4
  Max Mhz: 1300, Current Mhz: 900, Mhz Limit: 897
Processor Information for processor 5
  Max Mhz: 1300, Current Mhz: 900, Mhz Limit: 897
Processor Information for processor 6
  Max Mhz: 1300, Current Mhz: 900, Mhz Limit: 897
Processor Information for processor 7
  Max Mhz: 1300, Current Mhz: 900, Mhz Limit: 897
Processor Information for processor 8
  Max Mhz: 1300, Current Mhz: 900, Mhz Limit: 897
Processor Information for processor 9
  Max Mhz: 1300, Current Mhz: 900, Mhz Limit: 897
Processor Information for processor 10
  Max Mhz: 1300, Current Mhz: 900, Mhz Limit: 897
Processor Information for processor 11
  Max Mhz: 1300, Current Mhz: 900, Mhz Limit: 897

Memory: 4k page, system-wide physical 7876M (264M free)
TotalPageFile size 14020M (AvailPageFile size 15M)
current process WorkingSet (physical memory assigned to process): 103M, peak: 103M
current process commit charge ("private bytes"): 222M, peak: 222M

vm_info: OpenJDK 64-Bit Server VM (17.0.11+9) for windows-amd64 JRE (17.0.11+9), built on Apr 17 2024 06:07:48 by "admin" with MS VC++ 16.10 / 16.11 (VS2019)

END.
