#
# There is insufficient memory for the Java Runtime Environment to continue.
# Native memory allocation (malloc) failed to allocate 903600 bytes. Error detail: Chunk::new
# Possible reasons:
#   The system is out of physical RAM or swap space
#   This process is running with CompressedOops enabled, and the Java Heap may be blocking the growth of the native heap
# Possible solutions:
#   Reduce memory load on the system
#   Increase physical memory or swap space
#   Check if swap backing store is full
#   Decrease Java heap size (-Xmx/-Xms)
#   Decrease number of Java threads
#   Decrease Java thread stack sizes (-Xss)
#   Set larger code cache with -XX:ReservedCodeCacheSize=
#   JVM is running with Unscaled Compressed Oops mode in which the Java heap is
#     placed in the first 4GB address space. The Java Heap base address is the
#     maximum limit for the native heap growth. Please use -XX:HeapBaseMinAddress
#     to set the Java Heap base and to place the Java Heap above 4GB virtual address.
# This output file may be truncated or incomplete.
#
#  Out of Memory Error (arena.cpp:191), pid=18944, tid=5972
#
# JRE version: OpenJDK Runtime Environment Temurin-17.0.11+9 (17.0.11+9) (build 17.0.11+9)
# Java VM: OpenJDK 64-Bit Server VM Temurin-17.0.11+9 (17.0.11+9, mixed mode, tiered, compressed oops, compressed class ptrs, parallel gc, windows-amd64)
# No core dump will be written. Minidumps are not enabled by default on client versions of Windows
#

---------------  S U M M A R Y ------------

Command Line: --add-modules=ALL-SYSTEM --add-opens=java.base/java.util=ALL-UNNAMED --add-opens=java.base/java.lang=ALL-UNNAMED --add-opens=java.base/sun.nio.fs=ALL-UNNAMED -Declipse.application=org.eclipse.jdt.ls.core.id1 -Dosgi.bundles.defaultStartLevel=4 -Declipse.product=org.eclipse.jdt.ls.core.product -Djava.import.generatesMetadataFilesAtProjectRoot=false -DDetectVMInstallationsJob.disabled=true -Dfile.encoding=utf8 -XX:+UseParallelGC -XX:GCTimeRatio=4 -XX:AdaptiveSizePolicyWeight=90 -Dsun.zip.disableMemoryMapping=true -Xmx1G -Xms100m -Xlog:disable -javaagent:c:\Users\K1000\.vscode\extensions\redhat.java-1.31.0-win32-x64\lombok\lombok-1.18.32.jar c:\Users\K1000\.vscode\extensions\redhat.java-1.31.0-win32-x64\server\plugins\org.eclipse.equinox.launcher_1.6.800.v20240513-1750.jar -configuration c:\Users\K1000\AppData\Roaming\Code\User\globalStorage\redhat.java\1.31.0\config_ss_win -data c:\Users\K1000\AppData\Roaming\Code\User\workspaceStorage\cc7bd9972263965d18e41b9f8799afce\redhat.java\ss_ws --pipe=\\.\pipe\lsp-e570ca623d38da142d1655f2e99048f5-sock

Host: 13th Gen Intel(R) Core(TM) i5-1335U, 12 cores, 7G,  Windows 11 , 64 bit Build 22621 (10.0.22621.3527)
Time: Sat Jun  1 15:50:53 2024 Romance Daylight Time elapsed time: 9.359976 seconds (0d 0h 0m 9s)

---------------  T H R E A D  ---------------

Current thread (0x0000019b2ac79ab0):  JavaThread "C2 CompilerThread0" daemon [_thread_in_native, id=5972, stack(0x00000022e8f00000,0x00000022e9000000)]


Current CompileTask:
C2:   9360 3793       4       org.eclipse.jdt.internal.compiler.util.JrtFileSystem$2::visitFile (10 bytes)

Stack: [0x00000022e8f00000,0x00000022e9000000]
Native frames: (J=compiled Java code, j=interpreted, Vv=VM code, C=native code)
V  [jvm.dll+0x67d429]
V  [jvm.dll+0x834b7a]
V  [jvm.dll+0x83663e]
V  [jvm.dll+0x836ca3]
V  [jvm.dll+0x247dbf]
V  [jvm.dll+0xac534]
V  [jvm.dll+0xacb7c]
V  [jvm.dll+0x366647]
V  [jvm.dll+0x330bba]
V  [jvm.dll+0x33005a]
V  [jvm.dll+0x21a471]
V  [jvm.dll+0x2198b1]
V  [jvm.dll+0x1a534d]
V  [jvm.dll+0x2295cd]
V  [jvm.dll+0x22779c]
V  [jvm.dll+0x7e9d07]
V  [jvm.dll+0x7e410a]
V  [jvm.dll+0x67c315]
C  [ucrtbase.dll+0x29333]
C  [KERNEL32.DLL+0x1257d]
C  [ntdll.dll+0x5aa48]


---------------  P R O C E S S  ---------------

Threads class SMR info:
_java_thread_list=0x0000019b2d2b08a0, length=39, elements={
0x0000019b1146a8a0, 0x0000019b2ac46010, 0x0000019b2ac48660, 0x0000019b25b19490,
0x0000019b25b19f60, 0x0000019b2ac68f30, 0x0000019b2ac6bce0, 0x0000019b2ac79ab0,
0x0000019b2ac7c1f0, 0x0000019b2ac7ceb0, 0x0000019b2ad7d030, 0x0000019b2c4b95b0,
0x0000019b2cba77c0, 0x0000019b2cb6f450, 0x0000019b2cda14c0, 0x0000019b2cdc9010,
0x0000019b2caac9c0, 0x0000019b2caab580, 0x0000019b2caad8f0, 0x0000019b2caad3e0,
0x0000019b2caade00, 0x0000019b2caae310, 0x0000019b2caae820, 0x0000019b2caab070,
0x0000019b2caaba90, 0x0000019b2caabfa0, 0x0000019b2caac4b0, 0x0000019b2da15570,
0x0000019b2da14640, 0x0000019b2da10470, 0x0000019b2da15f90, 0x0000019b2da12cf0,
0x0000019b2da13200, 0x0000019b2da0ff60, 0x0000019b2da15a80, 0x0000019b2da10e90,
0x0000019b2da127e0, 0x0000019b2da13710, 0x0000019b2da15060
}

Java Threads: ( => current thread )
  0x0000019b1146a8a0 JavaThread "main" [_thread_blocked, id=22140, stack(0x00000022e8600000,0x00000022e8700000)]
  0x0000019b2ac46010 JavaThread "Reference Handler" daemon [_thread_blocked, id=6432, stack(0x00000022e8900000,0x00000022e8a00000)]
  0x0000019b2ac48660 JavaThread "Finalizer" daemon [_thread_blocked, id=13124, stack(0x00000022e8a00000,0x00000022e8b00000)]
  0x0000019b25b19490 JavaThread "Signal Dispatcher" daemon [_thread_blocked, id=12696, stack(0x00000022e8b00000,0x00000022e8c00000)]
  0x0000019b25b19f60 JavaThread "Attach Listener" daemon [_thread_blocked, id=14212, stack(0x00000022e8c00000,0x00000022e8d00000)]
  0x0000019b2ac68f30 JavaThread "Service Thread" daemon [_thread_blocked, id=16120, stack(0x00000022e8d00000,0x00000022e8e00000)]
  0x0000019b2ac6bce0 JavaThread "Monitor Deflation Thread" daemon [_thread_blocked, id=24932, stack(0x00000022e8e00000,0x00000022e8f00000)]
=>0x0000019b2ac79ab0 JavaThread "C2 CompilerThread0" daemon [_thread_in_native, id=5972, stack(0x00000022e8f00000,0x00000022e9000000)]
  0x0000019b2ac7c1f0 JavaThread "C1 CompilerThread0" daemon [_thread_blocked, id=18268, stack(0x00000022e9000000,0x00000022e9100000)]
  0x0000019b2ac7ceb0 JavaThread "Sweeper thread" daemon [_thread_blocked, id=22312, stack(0x00000022e9100000,0x00000022e9200000)]
  0x0000019b2ad7d030 JavaThread "Common-Cleaner" daemon [_thread_blocked, id=9036, stack(0x00000022e9200000,0x00000022e9300000)]
  0x0000019b2c4b95b0 JavaThread "Notification Thread" daemon [_thread_blocked, id=20300, stack(0x00000022e9300000,0x00000022e9400000)]
  0x0000019b2cba77c0 JavaThread "Active Thread: Equinox Container: 64b5e1bb-1a0d-4091-908c-15caf2dd53be" [_thread_blocked, id=11432, stack(0x00000022e9b00000,0x00000022e9c00000)]
  0x0000019b2cb6f450 JavaThread "Framework Event Dispatcher: Equinox Container: 64b5e1bb-1a0d-4091-908c-15caf2dd53be" daemon [_thread_blocked, id=21600, stack(0x00000022e9c00000,0x00000022e9d00000)]
  0x0000019b2cda14c0 JavaThread "Start Level: Equinox Container: 64b5e1bb-1a0d-4091-908c-15caf2dd53be" daemon [_thread_blocked, id=22904, stack(0x00000022e9d00000,0x00000022e9e00000)]
  0x0000019b2cdc9010 JavaThread "SCR Component Actor" daemon [_thread_blocked, id=15132, stack(0x00000022e9e00000,0x00000022e9f00000)]
  0x0000019b2caac9c0 JavaThread "Worker-JM" [_thread_blocked, id=4192, stack(0x00000022ea100000,0x00000022ea200000)]
  0x0000019b2caab580 JavaThread "Worker-0" [_thread_blocked, id=23584, stack(0x00000022ea400000,0x00000022ea500000)]
  0x0000019b2caad8f0 JavaThread "Worker-1" [_thread_blocked, id=21764, stack(0x00000022ea500000,0x00000022ea600000)]
  0x0000019b2caad3e0 JavaThread "JNA Cleaner" daemon [_thread_blocked, id=13792, stack(0x00000022ea600000,0x00000022ea700000)]
  0x0000019b2caade00 JavaThread "Thread-2" daemon [_thread_in_native, id=12020, stack(0x00000022ea700000,0x00000022ea800000)]
  0x0000019b2caae310 JavaThread "Thread-3" daemon [_thread_in_native, id=4056, stack(0x00000022ea800000,0x00000022ea900000)]
  0x0000019b2caae820 JavaThread "Thread-4" daemon [_thread_in_native, id=2780, stack(0x00000022ea900000,0x00000022eaa00000)]
  0x0000019b2caab070 JavaThread "Thread-5" daemon [_thread_in_native, id=14188, stack(0x00000022eaa00000,0x00000022eab00000)]
  0x0000019b2caaba90 JavaThread "Thread-6" daemon [_thread_in_native, id=10368, stack(0x00000022eab00000,0x00000022eac00000)]
  0x0000019b2caabfa0 JavaThread "Thread-7" daemon [_thread_in_native, id=19316, stack(0x00000022eac00000,0x00000022ead00000)]
  0x0000019b2caac4b0 JavaThread "Thread-8" daemon [_thread_in_native, id=19576, stack(0x00000022ead00000,0x00000022eae00000)]
  0x0000019b2da15570 JavaThread "Thread-9" daemon [_thread_in_native, id=15960, stack(0x00000022eae00000,0x00000022eaf00000)]
  0x0000019b2da14640 JavaThread "Thread-10" daemon [_thread_in_native, id=17664, stack(0x00000022eaf00000,0x00000022eb000000)]
  0x0000019b2da10470 JavaThread "Thread-11" daemon [_thread_in_native, id=5128, stack(0x00000022eb000000,0x00000022eb100000)]
  0x0000019b2da15f90 JavaThread "Thread-12" daemon [_thread_in_native, id=24300, stack(0x00000022eb100000,0x00000022eb200000)]
  0x0000019b2da12cf0 JavaThread "Thread-13" daemon [_thread_in_native, id=11668, stack(0x00000022eb200000,0x00000022eb300000)]
  0x0000019b2da13200 JavaThread "Thread-14" daemon [_thread_in_native, id=19584, stack(0x00000022eb300000,0x00000022eb400000)]
  0x0000019b2da0ff60 JavaThread "pool-2-thread-1" [_thread_blocked, id=3180, stack(0x00000022eb400000,0x00000022eb500000)]
  0x0000019b2da15a80 JavaThread "WorkspaceEventsHandler" [_thread_blocked, id=15696, stack(0x00000022eb500000,0x00000022eb600000)]
  0x0000019b2da10e90 JavaThread "pool-1-thread-1" [_thread_in_native, id=21572, stack(0x00000022eb600000,0x00000022eb700000)]
  0x0000019b2da127e0 JavaThread "ForkJoinPool.commonPool-worker-1" daemon [_thread_blocked, id=18924, stack(0x00000022eb700000,0x00000022eb800000)]
  0x0000019b2da13710 JavaThread "ForkJoinPool.commonPool-worker-2" daemon [_thread_blocked, id=2936, stack(0x00000022eb800000,0x00000022eb900000)]
  0x0000019b2da15060 JavaThread "ForkJoinPool.commonPool-worker-3" daemon [_thread_blocked, id=2636, stack(0x00000022eb900000,0x00000022eba00000)]

Other Threads:
  0x0000019b2ac34c70 VMThread "VM Thread" [stack: 0x00000022e8800000,0x00000022e8900000] [id=22072]
  0x0000019b2c3f9f50 WatcherThread [stack: 0x00000022e9400000,0x00000022e9500000] [id=3020]
  0x0000019b1147ae80 GCTaskThread "GC Thread#0" [stack: 0x00000022e8700000,0x00000022e8800000] [id=13568]
  0x0000019b2c937f80 GCTaskThread "GC Thread#1" [stack: 0x00000022e9500000,0x00000022e9600000] [id=14944]
  0x0000019b2c938640 GCTaskThread "GC Thread#2" [stack: 0x00000022e9600000,0x00000022e9700000] [id=19948]
  0x0000019b2c8ec900 GCTaskThread "GC Thread#3" [stack: 0x00000022e9700000,0x00000022e9800000] [id=16716]
  0x0000019b2c8ecbc0 GCTaskThread "GC Thread#4" [stack: 0x00000022e9800000,0x00000022e9900000] [id=864]
  0x0000019b2c8ece80 GCTaskThread "GC Thread#5" [stack: 0x00000022e9900000,0x00000022e9a00000] [id=2752]
  0x0000019b2c8ed140 GCTaskThread "GC Thread#6" [stack: 0x00000022e9a00000,0x00000022e9b00000] [id=18912]
  0x0000019b2cbb0880 GCTaskThread "GC Thread#7" [stack: 0x00000022e9f00000,0x00000022ea000000] [id=22592]
  0x0000019b2cabce10 GCTaskThread "GC Thread#8" [stack: 0x00000022ea200000,0x00000022ea300000] [id=16288]
  0x0000019b2cabd0d0 GCTaskThread "GC Thread#9" [stack: 0x00000022ea300000,0x00000022ea400000] [id=8836]

Threads with active compile tasks:
C2 CompilerThread0     9388 3793       4       org.eclipse.jdt.internal.compiler.util.JrtFileSystem$2::visitFile (10 bytes)

VM state: not at safepoint (normal execution)

VM Mutex/Monitor currently owned by a thread: None

Heap address: 0x00000000c0000000, size: 1024 MB, Compressed Oops mode: 32-bit

CDS archive(s) not mapped
Compressed class space mapped at: 0x0000000100000000-0x0000000140000000, reserved size: 1073741824
Narrow klass base: 0x0000000000000000, Narrow klass shift: 3, Narrow klass range: 0x140000000

GC Precious Log:
 CPUs: 12 total, 12 available
 Memory: 7876M
 Large Page Support: Disabled
 NUMA Support: Disabled
 Compressed Oops: Enabled (32-bit)
 Alignments: Space 512K, Generation 512K, Heap 2M
 Heap Min Capacity: 100M
 Heap Initial Capacity: 100M
 Heap Max Capacity: 1G
 Pre-touch: Disabled
 Parallel Workers: 10

Heap:
 PSYoungGen      total 23552K, used 13148K [0x00000000eab00000, 0x00000000ec300000, 0x0000000100000000)
  eden space 22016K, 57% used [0x00000000eab00000,0x00000000eb777210,0x00000000ec080000)
  from space 1536K, 25% used [0x00000000ec080000,0x00000000ec0e0000,0x00000000ec200000)
  to   space 1024K, 0% used [0x00000000ec200000,0x00000000ec200000,0x00000000ec300000)
 ParOldGen       total 68608K, used 21884K [0x00000000c0000000, 0x00000000c4300000, 0x00000000eab00000)
  object space 68608K, 31% used [0x00000000c0000000,0x00000000c155f148,0x00000000c4300000)
 Metaspace       used 42546K, committed 43328K, reserved 1114112K
  class space    used 4330K, committed 4672K, reserved 1048576K

Card table byte_map: [0x0000019b233b0000,0x0000019b235c0000] _byte_map_base: 0x0000019b22db0000

Marking Bits: (ParMarkBitMap*) 0x00007ffb7d75d820
 Begin Bits: [0x0000019b23720000, 0x0000019b24720000)
 End Bits:   [0x0000019b24720000, 0x0000019b25720000)

Polling page: 0x0000019b0fb50000

Metaspace:

Usage:
  Non-class:     37.32 MB used.
      Class:      4.23 MB used.
       Both:     41.55 MB used.

Virtual space:
  Non-class space:       64.00 MB reserved,      37.75 MB ( 59%) committed,  1 nodes.
      Class space:        1.00 GB reserved,       4.56 MB ( <1%) committed,  1 nodes.
             Both:        1.06 GB reserved,      42.31 MB (  4%) committed. 

Chunk freelists:
   Non-Class:  9.41 MB
       Class:  11.45 MB
        Both:  20.86 MB

MaxMetaspaceSize: unlimited
CompressedClassSpaceSize: 1.00 GB
Initial GC threshold: 21.00 MB
Current GC threshold: 58.38 MB
CDS: off
MetaspaceReclaimPolicy: balanced
 - commit_granule_bytes: 65536.
 - commit_granule_words: 8192.
 - virtual_space_node_default_size: 8388608.
 - enlarge_chunks_in_place: 1.
 - new_chunks_are_fully_committed: 0.
 - uncommit_free_chunks: 1.
 - use_allocation_guard: 0.
 - handle_deallocations: 1.


Internal statistics:

num_allocs_failed_limit: 8.
num_arena_births: 378.
num_arena_deaths: 14.
num_vsnodes_births: 2.
num_vsnodes_deaths: 0.
num_space_committed: 677.
num_space_uncommitted: 0.
num_chunks_returned_to_freelist: 22.
num_chunks_taken_from_freelist: 1747.
num_chunk_merges: 13.
num_chunk_splits: 1141.
num_chunks_enlarged: 780.
num_inconsistent_stats: 0.

CodeHeap 'non-profiled nmethods': size=120000Kb used=1876Kb max_used=1876Kb free=118123Kb
 bounds [0x0000019b1bca0000, 0x0000019b1bf10000, 0x0000019b231d0000]
CodeHeap 'profiled nmethods': size=120000Kb used=8639Kb max_used=8639Kb free=111360Kb
 bounds [0x0000019b141d0000, 0x0000019b14a40000, 0x0000019b1b700000]
CodeHeap 'non-nmethods': size=5760Kb used=1317Kb max_used=1363Kb free=4442Kb
 bounds [0x0000019b1b700000, 0x0000019b1b970000, 0x0000019b1bca0000]
 total_blobs=4746 nmethods=4095 adapters=565
 compilation: enabled
              stopped_count=0, restarted_count=0
 full_count=0

Compilation events (20 events):
Event: 9.270 Thread 0x0000019b2ac79ab0 nmethod 4028 0x0000019b1be6f410 code [0x0000019b1be6f5e0, 0x0000019b1be6fd88]
Event: 9.270 Thread 0x0000019b2ac79ab0 4113       4       java.net.URI$Parser::scan (76 bytes)
Event: 9.273 Thread 0x0000019b2ac79ab0 nmethod 4113 0x0000019b1be70410 code [0x0000019b1be705a0, 0x0000019b1be707f8]
Event: 9.273 Thread 0x0000019b2ac79ab0 4034       4       java.util.regex.Matcher::match (154 bytes)
Event: 9.281 Thread 0x0000019b2ac7c1f0 4114       2       java.util.zip.ZipEntry::<init> (172 bytes)
Event: 9.281 Thread 0x0000019b2ac7c1f0 nmethod 4114 0x0000019b14a3a210 code [0x0000019b14a3a3c0, 0x0000019b14a3a6c8]
Event: 9.288 Thread 0x0000019b2ac79ab0 nmethod 4034 0x0000019b1be70a90 code [0x0000019b1be70ca0, 0x0000019b1be71870]
Event: 9.288 Thread 0x0000019b2ac79ab0 3784       4       jdk.internal.jrtfs.JrtPath::subpath (129 bytes)
Event: 9.297 Thread 0x0000019b2ac7c1f0 4115   !   2       lombok.launch.ShadowClassLoader::urlToDefineClass (273 bytes)
Event: 9.298 Thread 0x0000019b2ac7c1f0 nmethod 4115 0x0000019b14a3a810 code [0x0000019b14a3aae0, 0x0000019b14a3b5d8]
Event: 9.301 Thread 0x0000019b2ac7c1f0 4116       2       java.nio.CharBuffer::arrayOffset (35 bytes)
Event: 9.302 Thread 0x0000019b2ac7c1f0 nmethod 4116 0x0000019b14a3be10 code [0x0000019b14a3bfc0, 0x0000019b14a3c1d8]
Event: 9.305 Thread 0x0000019b2ac7c1f0 4117       3       java.lang.Long::compareTo (12 bytes)
Event: 9.306 Thread 0x0000019b2ac7c1f0 nmethod 4117 0x0000019b14a3c310 code [0x0000019b14a3c4c0, 0x0000019b14a3c738]
Event: 9.306 Thread 0x0000019b2ac7c1f0 4118   !   2       org.eclipse.osgi.internal.loader.classpath.ClasspathManager::findLocalResource (183 bytes)
Event: 9.307 Thread 0x0000019b2ac79ab0 nmethod 3784 0x0000019b1be72290 code [0x0000019b1be724e0, 0x0000019b1be739c8]
Event: 9.307 Thread 0x0000019b2ac7c1f0 nmethod 4118 0x0000019b14a3c810 code [0x0000019b14a3ca60, 0x0000019b14a3d078]
Event: 9.308 Thread 0x0000019b2ac79ab0 3973       4       lombok.patcher.MethodTarget::typeMatches (14 bytes)
Event: 9.319 Thread 0x0000019b2ac79ab0 nmethod 3973 0x0000019b1be74790 code [0x0000019b1be74920, 0x0000019b1be74f18]
Event: 9.319 Thread 0x0000019b2ac79ab0 3793       4       org.eclipse.jdt.internal.compiler.util.JrtFileSystem$2::visitFile (10 bytes)

GC Heap History (20 events):
Event: 6.459 GC heap before
{Heap before GC invocations=10 (full 1):
 PSYoungGen      total 28160K, used 10923K [0x00000000eab00000, 0x00000000ecb80000, 0x0000000100000000)
  eden space 23552K, 28% used [0x00000000eab00000,0x00000000eb17d408,0x00000000ec200000)
  from space 4608K, 92% used [0x00000000ec700000,0x00000000ecb2d868,0x00000000ecb80000)
  to   space 4608K, 0% used [0x00000000ec280000,0x00000000ec280000,0x00000000ec700000)
 ParOldGen       total 68608K, used 7838K [0x00000000c0000000, 0x00000000c4300000, 0x00000000eab00000)
  object space 68608K, 11% used [0x00000000c0000000,0x00000000c07a78c0,0x00000000c4300000)
 Metaspace       used 35252K, committed 35840K, reserved 1114112K
  class space    used 3548K, committed 3840K, reserved 1048576K
}
Event: 6.463 GC heap after
{Heap after GC invocations=10 (full 1):
 PSYoungGen      total 27136K, used 3454K [0x00000000eab00000, 0x00000000eca00000, 0x0000000100000000)
  eden space 23552K, 0% used [0x00000000eab00000,0x00000000eab00000,0x00000000ec200000)
  from space 3584K, 96% used [0x00000000ec280000,0x00000000ec5dfb00,0x00000000ec600000)
  to   space 4096K, 0% used [0x00000000ec600000,0x00000000ec600000,0x00000000eca00000)
 ParOldGen       total 68608K, used 9365K [0x00000000c0000000, 0x00000000c4300000, 0x00000000eab00000)
  object space 68608K, 13% used [0x00000000c0000000,0x00000000c0925438,0x00000000c4300000)
 Metaspace       used 35252K, committed 35840K, reserved 1114112K
  class space    used 3548K, committed 3840K, reserved 1048576K
}
Event: 6.463 GC heap before
{Heap before GC invocations=11 (full 2):
 PSYoungGen      total 27136K, used 3454K [0x00000000eab00000, 0x00000000eca00000, 0x0000000100000000)
  eden space 23552K, 0% used [0x00000000eab00000,0x00000000eab00000,0x00000000ec200000)
  from space 3584K, 96% used [0x00000000ec280000,0x00000000ec5dfb00,0x00000000ec600000)
  to   space 4096K, 0% used [0x00000000ec600000,0x00000000ec600000,0x00000000eca00000)
 ParOldGen       total 68608K, used 9365K [0x00000000c0000000, 0x00000000c4300000, 0x00000000eab00000)
  object space 68608K, 13% used [0x00000000c0000000,0x00000000c0925438,0x00000000c4300000)
 Metaspace       used 35252K, committed 35840K, reserved 1114112K
  class space    used 3548K, committed 3840K, reserved 1048576K
}
Event: 6.488 GC heap after
{Heap after GC invocations=11 (full 2):
 PSYoungGen      total 27136K, used 0K [0x00000000eab00000, 0x00000000eca00000, 0x0000000100000000)
  eden space 23552K, 0% used [0x00000000eab00000,0x00000000eab00000,0x00000000ec200000)
  from space 3584K, 0% used [0x00000000ec280000,0x00000000ec280000,0x00000000ec600000)
  to   space 4096K, 0% used [0x00000000ec600000,0x00000000ec600000,0x00000000eca00000)
 ParOldGen       total 68608K, used 12401K [0x00000000c0000000, 0x00000000c4300000, 0x00000000eab00000)
  object space 68608K, 18% used [0x00000000c0000000,0x00000000c0c1c758,0x00000000c4300000)
 Metaspace       used 35252K, committed 35840K, reserved 1114112K
  class space    used 3548K, committed 3840K, reserved 1048576K
}
Event: 7.106 GC heap before
{Heap before GC invocations=12 (full 2):
 PSYoungGen      total 27136K, used 23552K [0x00000000eab00000, 0x00000000eca00000, 0x0000000100000000)
  eden space 23552K, 100% used [0x00000000eab00000,0x00000000ec200000,0x00000000ec200000)
  from space 3584K, 0% used [0x00000000ec280000,0x00000000ec280000,0x00000000ec600000)
  to   space 4096K, 0% used [0x00000000ec600000,0x00000000ec600000,0x00000000eca00000)
 ParOldGen       total 68608K, used 12401K [0x00000000c0000000, 0x00000000c4300000, 0x00000000eab00000)
  object space 68608K, 18% used [0x00000000c0000000,0x00000000c0c1c758,0x00000000c4300000)
 Metaspace       used 37955K, committed 38720K, reserved 1114112K
  class space    used 3842K, committed 4160K, reserved 1048576K
}
Event: 7.109 GC heap after
{Heap after GC invocations=12 (full 2):
 PSYoungGen      total 25088K, used 1792K [0x00000000eab00000, 0x00000000ec800000, 0x0000000100000000)
  eden space 23040K, 0% used [0x00000000eab00000,0x00000000eab00000,0x00000000ec180000)
  from space 2048K, 87% used [0x00000000ec600000,0x00000000ec7c00b0,0x00000000ec800000)
  to   space 2560K, 0% used [0x00000000ec300000,0x00000000ec300000,0x00000000ec580000)
 ParOldGen       total 68608K, used 12409K [0x00000000c0000000, 0x00000000c4300000, 0x00000000eab00000)
  object space 68608K, 18% used [0x00000000c0000000,0x00000000c0c1e758,0x00000000c4300000)
 Metaspace       used 37955K, committed 38720K, reserved 1114112K
  class space    used 3842K, committed 4160K, reserved 1048576K
}
Event: 7.259 GC heap before
{Heap before GC invocations=13 (full 2):
 PSYoungGen      total 25088K, used 24832K [0x00000000eab00000, 0x00000000ec800000, 0x0000000100000000)
  eden space 23040K, 100% used [0x00000000eab00000,0x00000000ec180000,0x00000000ec180000)
  from space 2048K, 87% used [0x00000000ec600000,0x00000000ec7c00b0,0x00000000ec800000)
  to   space 2560K, 0% used [0x00000000ec300000,0x00000000ec300000,0x00000000ec580000)
 ParOldGen       total 68608K, used 12409K [0x00000000c0000000, 0x00000000c4300000, 0x00000000eab00000)
  object space 68608K, 18% used [0x00000000c0000000,0x00000000c0c1e758,0x00000000c4300000)
 Metaspace       used 38000K, committed 38720K, reserved 1114112K
  class space    used 3842K, committed 4160K, reserved 1048576K
}
Event: 7.262 GC heap after
{Heap after GC invocations=13 (full 2):
 PSYoungGen      total 25088K, used 2080K [0x00000000eab00000, 0x00000000ec680000, 0x0000000100000000)
  eden space 22528K, 0% used [0x00000000eab00000,0x00000000eab00000,0x00000000ec100000)
  from space 2560K, 81% used [0x00000000ec300000,0x00000000ec508010,0x00000000ec580000)
  to   space 1024K, 0% used [0x00000000ec580000,0x00000000ec580000,0x00000000ec680000)
 ParOldGen       total 68608K, used 14080K [0x00000000c0000000, 0x00000000c4300000, 0x00000000eab00000)
  object space 68608K, 20% used [0x00000000c0000000,0x00000000c0dc00f8,0x00000000c4300000)
 Metaspace       used 38000K, committed 38720K, reserved 1114112K
  class space    used 3842K, committed 4160K, reserved 1048576K
}
Event: 7.342 GC heap before
{Heap before GC invocations=14 (full 2):
 PSYoungGen      total 25088K, used 24608K [0x00000000eab00000, 0x00000000ec680000, 0x0000000100000000)
  eden space 22528K, 100% used [0x00000000eab00000,0x00000000ec100000,0x00000000ec100000)
  from space 2560K, 81% used [0x00000000ec300000,0x00000000ec508010,0x00000000ec580000)
  to   space 1024K, 0% used [0x00000000ec580000,0x00000000ec580000,0x00000000ec680000)
 ParOldGen       total 68608K, used 14080K [0x00000000c0000000, 0x00000000c4300000, 0x00000000eab00000)
  object space 68608K, 20% used [0x00000000c0000000,0x00000000c0dc00f8,0x00000000c4300000)
 Metaspace       used 38080K, committed 38784K, reserved 1114112K
  class space    used 3849K, committed 4160K, reserved 1048576K
}
Event: 7.347 GC heap after
{Heap after GC invocations=14 (full 2):
 PSYoungGen      total 23040K, used 992K [0x00000000eab00000, 0x00000000ec880000, 0x0000000100000000)
  eden space 22016K, 0% used [0x00000000eab00000,0x00000000eab00000,0x00000000ec080000)
  from space 1024K, 96% used [0x00000000ec580000,0x00000000ec678010,0x00000000ec680000)
  to   space 4096K, 0% used [0x00000000ec080000,0x00000000ec080000,0x00000000ec480000)
 ParOldGen       total 68608K, used 16680K [0x00000000c0000000, 0x00000000c4300000, 0x00000000eab00000)
  object space 68608K, 24% used [0x00000000c0000000,0x00000000c104a0f8,0x00000000c4300000)
 Metaspace       used 38080K, committed 38784K, reserved 1114112K
  class space    used 3849K, committed 4160K, reserved 1048576K
}
Event: 7.510 GC heap before
{Heap before GC invocations=15 (full 2):
 PSYoungGen      total 23040K, used 23008K [0x00000000eab00000, 0x00000000ec880000, 0x0000000100000000)
  eden space 22016K, 100% used [0x00000000eab00000,0x00000000ec080000,0x00000000ec080000)
  from space 1024K, 96% used [0x00000000ec580000,0x00000000ec678010,0x00000000ec680000)
  to   space 4096K, 0% used [0x00000000ec080000,0x00000000ec080000,0x00000000ec480000)
 ParOldGen       total 68608K, used 16680K [0x00000000c0000000, 0x00000000c4300000, 0x00000000eab00000)
  object space 68608K, 24% used [0x00000000c0000000,0x00000000c104a0f8,0x00000000c4300000)
 Metaspace       used 38169K, committed 38912K, reserved 1114112K
  class space    used 3849K, committed 4160K, reserved 1048576K
}
Event: 7.513 GC heap after
{Heap after GC invocations=15 (full 2):
 PSYoungGen      total 24064K, used 1760K [0x00000000eab00000, 0x00000000ec600000, 0x0000000100000000)
  eden space 22016K, 0% used [0x00000000eab00000,0x00000000eab00000,0x00000000ec080000)
  from space 2048K, 85% used [0x00000000ec080000,0x00000000ec238000,0x00000000ec280000)
  to   space 2560K, 0% used [0x00000000ec380000,0x00000000ec380000,0x00000000ec600000)
 ParOldGen       total 68608K, used 17696K [0x00000000c0000000, 0x00000000c4300000, 0x00000000eab00000)
  object space 68608K, 25% used [0x00000000c0000000,0x00000000c1148108,0x00000000c4300000)
 Metaspace       used 38169K, committed 38912K, reserved 1114112K
  class space    used 3849K, committed 4160K, reserved 1048576K
}
Event: 7.650 GC heap before
{Heap before GC invocations=16 (full 2):
 PSYoungGen      total 24064K, used 23776K [0x00000000eab00000, 0x00000000ec600000, 0x0000000100000000)
  eden space 22016K, 100% used [0x00000000eab00000,0x00000000ec080000,0x00000000ec080000)
  from space 2048K, 85% used [0x00000000ec080000,0x00000000ec238000,0x00000000ec280000)
  to   space 2560K, 0% used [0x00000000ec380000,0x00000000ec380000,0x00000000ec600000)
 ParOldGen       total 68608K, used 17696K [0x00000000c0000000, 0x00000000c4300000, 0x00000000eab00000)
  object space 68608K, 25% used [0x00000000c0000000,0x00000000c1148108,0x00000000c4300000)
 Metaspace       used 38255K, committed 38976K, reserved 1114112K
  class space    used 3854K, committed 4160K, reserved 1048576K
}
Event: 7.653 GC heap after
{Heap after GC invocations=16 (full 2):
 PSYoungGen      total 24064K, used 1728K [0x00000000eab00000, 0x00000000ec580000, 0x0000000100000000)
  eden space 22016K, 0% used [0x00000000eab00000,0x00000000eab00000,0x00000000ec080000)
  from space 2048K, 84% used [0x00000000ec380000,0x00000000ec530010,0x00000000ec580000)
  to   space 2048K, 0% used [0x00000000ec080000,0x00000000ec080000,0x00000000ec280000)
 ParOldGen       total 68608K, used 19288K [0x00000000c0000000, 0x00000000c4300000, 0x00000000eab00000)
  object space 68608K, 28% used [0x00000000c0000000,0x00000000c12d6108,0x00000000c4300000)
 Metaspace       used 38255K, committed 38976K, reserved 1114112K
  class space    used 3854K, committed 4160K, reserved 1048576K
}
Event: 8.156 GC heap before
{Heap before GC invocations=17 (full 2):
 PSYoungGen      total 24064K, used 23744K [0x00000000eab00000, 0x00000000ec580000, 0x0000000100000000)
  eden space 22016K, 100% used [0x00000000eab00000,0x00000000ec080000,0x00000000ec080000)
  from space 2048K, 84% used [0x00000000ec380000,0x00000000ec530010,0x00000000ec580000)
  to   space 2048K, 0% used [0x00000000ec080000,0x00000000ec080000,0x00000000ec280000)
 ParOldGen       total 68608K, used 19288K [0x00000000c0000000, 0x00000000c4300000, 0x00000000eab00000)
  object space 68608K, 28% used [0x00000000c0000000,0x00000000c12d6108,0x00000000c4300000)
 Metaspace       used 40007K, committed 40832K, reserved 1114112K
  class space    used 4051K, committed 4416K, reserved 1048576K
}
Event: 8.160 GC heap after
{Heap after GC invocations=17 (full 2):
 PSYoungGen      total 24064K, used 1423K [0x00000000eab00000, 0x00000000ec480000, 0x0000000100000000)
  eden space 22016K, 0% used [0x00000000eab00000,0x00000000eab00000,0x00000000ec080000)
  from space 2048K, 69% used [0x00000000ec080000,0x00000000ec1e3cf0,0x00000000ec280000)
  to   space 2048K, 0% used [0x00000000ec280000,0x00000000ec280000,0x00000000ec480000)
 ParOldGen       total 68608K, used 20912K [0x00000000c0000000, 0x00000000c4300000, 0x00000000eab00000)
  object space 68608K, 30% used [0x00000000c0000000,0x00000000c146c370,0x00000000c4300000)
 Metaspace       used 40007K, committed 40832K, reserved 1114112K
  class space    used 4051K, committed 4416K, reserved 1048576K
}
Event: 8.350 GC heap before
{Heap before GC invocations=18 (full 2):
 PSYoungGen      total 24064K, used 23439K [0x00000000eab00000, 0x00000000ec480000, 0x0000000100000000)
  eden space 22016K, 100% used [0x00000000eab00000,0x00000000ec080000,0x00000000ec080000)
  from space 2048K, 69% used [0x00000000ec080000,0x00000000ec1e3cf0,0x00000000ec280000)
  to   space 2048K, 0% used [0x00000000ec280000,0x00000000ec280000,0x00000000ec480000)
 ParOldGen       total 68608K, used 20912K [0x00000000c0000000, 0x00000000c4300000, 0x00000000eab00000)
  object space 68608K, 30% used [0x00000000c0000000,0x00000000c146c370,0x00000000c4300000)
 Metaspace       used 40028K, committed 40832K, reserved 1114112K
  class space    used 4051K, committed 4416K, reserved 1048576K
}
Event: 8.352 GC heap after
{Heap after GC invocations=18 (full 2):
 PSYoungGen      total 23040K, used 955K [0x00000000eab00000, 0x00000000ec380000, 0x0000000100000000)
  eden space 22016K, 0% used [0x00000000eab00000,0x00000000eab00000,0x00000000ec080000)
  from space 1024K, 93% used [0x00000000ec280000,0x00000000ec36ed18,0x00000000ec380000)
  to   space 1536K, 0% used [0x00000000ec080000,0x00000000ec080000,0x00000000ec200000)
 ParOldGen       total 68608K, used 21852K [0x00000000c0000000, 0x00000000c4300000, 0x00000000eab00000)
  object space 68608K, 31% used [0x00000000c0000000,0x00000000c1557148,0x00000000c4300000)
 Metaspace       used 40028K, committed 40832K, reserved 1114112K
  class space    used 4051K, committed 4416K, reserved 1048576K
}
Event: 9.192 GC heap before
{Heap before GC invocations=19 (full 2):
 PSYoungGen      total 23040K, used 22923K [0x00000000eab00000, 0x00000000ec380000, 0x0000000100000000)
  eden space 22016K, 99% used [0x00000000eab00000,0x00000000ec0742b0,0x00000000ec080000)
  from space 1024K, 93% used [0x00000000ec280000,0x00000000ec36ed18,0x00000000ec380000)
  to   space 1536K, 0% used [0x00000000ec080000,0x00000000ec080000,0x00000000ec200000)
 ParOldGen       total 68608K, used 21852K [0x00000000c0000000, 0x00000000c4300000, 0x00000000eab00000)
  object space 68608K, 31% used [0x00000000c0000000,0x00000000c1557148,0x00000000c4300000)
 Metaspace       used 41754K, committed 42560K, reserved 1114112K
  class space    used 4251K, committed 4608K, reserved 1048576K
}
Event: 9.193 GC heap after
{Heap after GC invocations=19 (full 2):
 PSYoungGen      total 23552K, used 384K [0x00000000eab00000, 0x00000000ec300000, 0x0000000100000000)
  eden space 22016K, 0% used [0x00000000eab00000,0x00000000eab00000,0x00000000ec080000)
  from space 1536K, 25% used [0x00000000ec080000,0x00000000ec0e0000,0x00000000ec200000)
  to   space 1024K, 0% used [0x00000000ec200000,0x00000000ec200000,0x00000000ec300000)
 ParOldGen       total 68608K, used 21884K [0x00000000c0000000, 0x00000000c4300000, 0x00000000eab00000)
  object space 68608K, 31% used [0x00000000c0000000,0x00000000c155f148,0x00000000c4300000)
 Metaspace       used 41754K, committed 42560K, reserved 1114112K
  class space    used 4251K, committed 4608K, reserved 1048576K
}

Dll operation events (10 events):
Event: 0.036 Loaded shared library c:\Users\K1000\.vscode\extensions\redhat.java-1.31.0-win32-x64\jre\17.0.11-win32-x86_64\bin\java.dll
Event: 0.309 Loaded shared library c:\Users\K1000\.vscode\extensions\redhat.java-1.31.0-win32-x64\jre\17.0.11-win32-x86_64\bin\zip.dll
Event: 0.317 Loaded shared library C:\Users\K1000\.vscode\extensions\redhat.java-1.31.0-win32-x64\jre\17.0.11-win32-x86_64\bin\instrument.dll
Event: 0.346 Loaded shared library C:\Users\K1000\.vscode\extensions\redhat.java-1.31.0-win32-x64\jre\17.0.11-win32-x86_64\bin\net.dll
Event: 0.349 Loaded shared library C:\Users\K1000\.vscode\extensions\redhat.java-1.31.0-win32-x64\jre\17.0.11-win32-x86_64\bin\nio.dll
Event: 0.362 Loaded shared library C:\Users\K1000\.vscode\extensions\redhat.java-1.31.0-win32-x64\jre\17.0.11-win32-x86_64\bin\zip.dll
Event: 0.414 Loaded shared library C:\Users\K1000\.vscode\extensions\redhat.java-1.31.0-win32-x64\jre\17.0.11-win32-x86_64\bin\jimage.dll
Event: 0.525 Loaded shared library c:\Users\K1000\.vscode\extensions\redhat.java-1.31.0-win32-x64\jre\17.0.11-win32-x86_64\bin\verify.dll
Event: 2.061 Loaded shared library C:\Users\K1000\AppData\Roaming\Code\User\globalStorage\redhat.java\1.31.0\config_ss_win\org.eclipse.equinox.launcher\org.eclipse.equinox.launcher.win32.win32.x86_64_1.2.1000.v20240507-1834\eclipse_11902.dll
Event: 5.432 Loaded shared library C:\Users\K1000\AppData\Local\Temp\jna-70771498\jna6044846405856764688.dll

Deoptimization events (20 events):
Event: 8.138 Thread 0x0000019b2da10e90 DEOPT PACKING pc=0x0000019b1bd94d7c sp=0x00000022eb6f8b80
Event: 8.138 Thread 0x0000019b2da10e90 DEOPT UNPACKING pc=0x0000019b1b7566a3 sp=0x00000022eb6f8b18 mode 2
Event: 8.275 Thread 0x0000019b2da10e90 DEOPT PACKING pc=0x0000019b149c8044 sp=0x00000022eb6f8710
Event: 8.275 Thread 0x0000019b2da10e90 DEOPT UNPACKING pc=0x0000019b1b756e43 sp=0x00000022eb6f7e20 mode 0
Event: 8.310 Thread 0x0000019b2da10e90 DEOPT PACKING pc=0x0000019b149a8fcf sp=0x00000022eb6f8b00
Event: 8.310 Thread 0x0000019b2da10e90 DEOPT UNPACKING pc=0x0000019b1b756e43 sp=0x00000022eb6f7fc8 mode 0
Event: 9.201 Thread 0x0000019b2da10e90 DEOPT PACKING pc=0x0000019b1466e0c5 sp=0x00000022eb6fc1e0
Event: 9.201 Thread 0x0000019b2da10e90 DEOPT UNPACKING pc=0x0000019b1b756e43 sp=0x00000022eb6fb690 mode 0
Event: 9.210 Thread 0x0000019b2da10e90 DEOPT PACKING pc=0x0000019b1466e0c5 sp=0x00000022eb6fbe10
Event: 9.210 Thread 0x0000019b2da10e90 DEOPT UNPACKING pc=0x0000019b1b756e43 sp=0x00000022eb6fb2c0 mode 0
Event: 9.217 Thread 0x0000019b2da10e90 DEOPT PACKING pc=0x0000019b1466e0c5 sp=0x00000022eb6fc1e0
Event: 9.217 Thread 0x0000019b2da10e90 DEOPT UNPACKING pc=0x0000019b1b756e43 sp=0x00000022eb6fb690 mode 0
Event: 9.232 Thread 0x0000019b2da10e90 DEOPT PACKING pc=0x0000019b1466e0c5 sp=0x00000022eb6fc1e0
Event: 9.232 Thread 0x0000019b2da10e90 DEOPT UNPACKING pc=0x0000019b1b756e43 sp=0x00000022eb6fb690 mode 0
Event: 9.243 Thread 0x0000019b2da10e90 DEOPT PACKING pc=0x0000019b1466e0c5 sp=0x00000022eb6fc1e0
Event: 9.243 Thread 0x0000019b2da10e90 DEOPT UNPACKING pc=0x0000019b1b756e43 sp=0x00000022eb6fb690 mode 0
Event: 9.305 Thread 0x0000019b2da10e90 Uncommon trap: trap_request=0xffffff45 fr.pc=0x0000019b1be65a5c relative=0x0000000000000d5c
Event: 9.305 Thread 0x0000019b2da10e90 Uncommon trap: reason=unstable_if action=reinterpret pc=0x0000019b1be65a5c method=java.util.TreeMap.put(Ljava/lang/Object;Ljava/lang/Object;Z)Ljava/lang/Object; @ 27 c2
Event: 9.305 Thread 0x0000019b2da10e90 DEOPT PACKING pc=0x0000019b1be65a5c sp=0x00000022eb6fce00
Event: 9.305 Thread 0x0000019b2da10e90 DEOPT UNPACKING pc=0x0000019b1b7566a3 sp=0x00000022eb6fcda0 mode 2

Classes unloaded (7 events):
Event: 3.139 Thread 0x0000019b2ac34c70 Unloading class 0x000000010021a400 'java/lang/invoke/LambdaForm$MH+0x000000010021a400'
Event: 3.139 Thread 0x0000019b2ac34c70 Unloading class 0x000000010021a000 'java/lang/invoke/LambdaForm$MH+0x000000010021a000'
Event: 3.139 Thread 0x0000019b2ac34c70 Unloading class 0x0000000100219c00 'java/lang/invoke/LambdaForm$MH+0x0000000100219c00'
Event: 3.139 Thread 0x0000019b2ac34c70 Unloading class 0x0000000100219800 'java/lang/invoke/LambdaForm$MH+0x0000000100219800'
Event: 3.139 Thread 0x0000019b2ac34c70 Unloading class 0x0000000100219400 'java/lang/invoke/LambdaForm$BMH+0x0000000100219400'
Event: 3.139 Thread 0x0000019b2ac34c70 Unloading class 0x0000000100219000 'java/lang/invoke/LambdaForm$DMH+0x0000000100219000'
Event: 3.139 Thread 0x0000019b2ac34c70 Unloading class 0x0000000100214400 'java/lang/invoke/LambdaForm$DMH+0x0000000100214400'

Classes redefined (0 events):
No events

Internal exceptions (20 events):
Event: 6.591 Thread 0x0000019b2da127e0 Exception <a 'java/lang/NoSuchMethodError'{0x00000000eadd2388}: 'void java.lang.invoke.DirectMethodHandle$Holder.invokeStaticInit(java.lang.Object, java.lang.Object, java.lang.Object)'> (0x00000000eadd2388) 
thrown [s\src\hotspot\share\interpreter\linkResolver.cpp, line 759]
Event: 6.786 Thread 0x0000019b2da13710 Exception <a 'sun/nio/fs/WindowsException'{0x00000000eb415310}> (0x00000000eb415310) 
thrown [s\src\hotspot\share\prims\jni.cpp, line 516]
Event: 6.787 Thread 0x0000019b2da13710 Exception <a 'sun/nio/fs/WindowsException'{0x00000000eb416078}> (0x00000000eb416078) 
thrown [s\src\hotspot\share\prims\jni.cpp, line 516]
Event: 6.787 Thread 0x0000019b2da13710 Exception <a 'sun/nio/fs/WindowsException'{0x00000000eb417180}> (0x00000000eb417180) 
thrown [s\src\hotspot\share\prims\jni.cpp, line 516]
Event: 6.787 Thread 0x0000019b2da13710 Exception <a 'sun/nio/fs/WindowsException'{0x00000000eb417c88}> (0x00000000eb417c88) 
thrown [s\src\hotspot\share\prims\jni.cpp, line 516]
Event: 6.802 Thread 0x0000019b2da13710 Exception <a 'sun/nio/fs/WindowsException'{0x00000000eb42d720}> (0x00000000eb42d720) 
thrown [s\src\hotspot\share\prims\jni.cpp, line 516]
Event: 6.802 Thread 0x0000019b2da13710 Exception <a 'sun/nio/fs/WindowsException'{0x00000000eb42e228}> (0x00000000eb42e228) 
thrown [s\src\hotspot\share\prims\jni.cpp, line 516]
Event: 6.805 Thread 0x0000019b2da13710 Exception <a 'sun/nio/fs/WindowsException'{0x00000000eb441108}> (0x00000000eb441108) 
thrown [s\src\hotspot\share\prims\jni.cpp, line 516]
Event: 6.805 Thread 0x0000019b2da13710 Exception <a 'sun/nio/fs/WindowsException'{0x00000000eb441c10}> (0x00000000eb441c10) 
thrown [s\src\hotspot\share\prims\jni.cpp, line 516]
Event: 6.807 Thread 0x0000019b2da13710 Exception <a 'sun/nio/fs/WindowsException'{0x00000000eb443610}> (0x00000000eb443610) 
thrown [s\src\hotspot\share\prims\jni.cpp, line 516]
Event: 6.807 Thread 0x0000019b2da13710 Exception <a 'sun/nio/fs/WindowsException'{0x00000000eb443fd8}> (0x00000000eb443fd8) 
thrown [s\src\hotspot\share\prims\jni.cpp, line 516]
Event: 6.807 Thread 0x0000019b2da13710 Exception <a 'sun/nio/fs/WindowsException'{0x00000000eb444e60}> (0x00000000eb444e60) 
thrown [s\src\hotspot\share\prims\jni.cpp, line 516]
Event: 6.807 Thread 0x0000019b2da13710 Exception <a 'sun/nio/fs/WindowsException'{0x00000000eb445828}> (0x00000000eb445828) 
thrown [s\src\hotspot\share\prims\jni.cpp, line 516]
Event: 6.808 Thread 0x0000019b2da13710 Exception <a 'sun/nio/fs/WindowsException'{0x00000000eb446710}> (0x00000000eb446710) 
thrown [s\src\hotspot\share\prims\jni.cpp, line 516]
Event: 6.808 Thread 0x0000019b2da13710 Exception <a 'sun/nio/fs/WindowsException'{0x00000000eb4470d8}> (0x00000000eb4470d8) 
thrown [s\src\hotspot\share\prims\jni.cpp, line 516]
Event: 6.809 Thread 0x0000019b2da13710 Exception <a 'sun/nio/fs/WindowsException'{0x00000000eb448d60}> (0x00000000eb448d60) 
thrown [s\src\hotspot\share\prims\jni.cpp, line 516]
Event: 6.809 Thread 0x0000019b2da13710 Exception <a 'sun/nio/fs/WindowsException'{0x00000000eb449728}> (0x00000000eb449728) 
thrown [s\src\hotspot\share\prims\jni.cpp, line 516]
Event: 6.811 Thread 0x0000019b2da13710 Exception <a 'java/lang/NoSuchMethodError'{0x00000000eb45d778}: 'void java.lang.invoke.DirectMethodHandle$Holder.invokeVirtual(java.lang.Object, java.lang.Object, java.lang.Object, java.lang.Object)'> (0x00000000eb45d778) 
thrown [s\src\hotspot\share\interpreter\linkResolver.cpp, line 759]
Event: 6.870 Thread 0x0000019b2da127e0 Exception <a 'java/lang/NoSuchMethodError'{0x00000000eb70fb70}: 'java.lang.Object java.lang.invoke.Invokers$Holder.invoke_MT(java.lang.Object, java.lang.Object, java.lang.Object)'> (0x00000000eb70fb70) 
thrown [s\src\hotspot\share\interpreter\linkResolver.cpp, line 759]
Event: 9.305 Thread 0x0000019b2da10e90 Implicit null exception at 0x0000019b1be64d4f to 0x0000019b1be65a44

VM Operations (20 events):
Event: 7.248 Executing VM operation: HandshakeAllThreads
Event: 7.250 Executing VM operation: HandshakeAllThreads done
Event: 7.259 Executing VM operation: ParallelGCFailedAllocation
Event: 7.262 Executing VM operation: ParallelGCFailedAllocation done
Event: 7.342 Executing VM operation: ParallelGCFailedAllocation
Event: 7.347 Executing VM operation: ParallelGCFailedAllocation done
Event: 7.510 Executing VM operation: ParallelGCFailedAllocation
Event: 7.513 Executing VM operation: ParallelGCFailedAllocation done
Event: 7.619 Executing VM operation: HandshakeAllThreads
Event: 7.619 Executing VM operation: HandshakeAllThreads done
Event: 7.620 Executing VM operation: HandshakeAllThreads
Event: 7.620 Executing VM operation: HandshakeAllThreads done
Event: 7.650 Executing VM operation: ParallelGCFailedAllocation
Event: 7.654 Executing VM operation: ParallelGCFailedAllocation done
Event: 8.156 Executing VM operation: ParallelGCFailedAllocation
Event: 8.160 Executing VM operation: ParallelGCFailedAllocation done
Event: 8.350 Executing VM operation: ParallelGCFailedAllocation
Event: 8.352 Executing VM operation: ParallelGCFailedAllocation done
Event: 9.192 Executing VM operation: ParallelGCFailedAllocation
Event: 9.193 Executing VM operation: ParallelGCFailedAllocation done

Events (20 events):
Event: 6.948 loading class java/nio/file/FileTreeWalker$EventType done
Event: 6.948 loading class java/nio/file/Files$3
Event: 6.948 loading class java/nio/file/Files$3 done
Event: 6.948 loading class java/nio/file/FileVisitResult
Event: 6.948 loading class java/nio/file/FileVisitResult done
Event: 7.014 loading class java/util/regex/Pattern$BackRef
Event: 7.014 loading class java/util/regex/Pattern$BackRef done
Event: 7.087 loading class java/nio/channels/Channels$ReadableByteChannelImpl
Event: 7.087 loading class java/nio/channels/Channels$ReadableByteChannelImpl done
Event: 7.089 loading class java/nio/channels/NonWritableChannelException
Event: 7.089 loading class java/nio/channels/NonWritableChannelException done
Event: 7.658 loading class java/lang/ExceptionInInitializerError
Event: 7.658 loading class java/lang/ExceptionInInitializerError done
Event: 8.177 Thread 0x0000019b2cbda100 Thread exited: 0x0000019b2cbda100
Event: 9.003 loading class java/util/Vector$1
Event: 9.003 loading class java/util/Vector$1 done
Event: 9.305 loading class java/util/Collections$UnmodifiableSortedSet
Event: 9.305 loading class java/util/Collections$UnmodifiableSortedSet done
Event: 9.348 loading class java/util/regex/Pattern$Caret
Event: 9.348 loading class java/util/regex/Pattern$Caret done


Dynamic libraries:
0x00007ff6817a0000 - 0x00007ff6817ae000 	c:\Users\K1000\.vscode\extensions\redhat.java-1.31.0-win32-x64\jre\17.0.11-win32-x86_64\bin\java.exe
0x00007ffbdeb30000 - 0x00007ffbded47000 	C:\WINDOWS\SYSTEM32\ntdll.dll
0x00007ffbde2b0000 - 0x00007ffbde374000 	C:\WINDOWS\System32\KERNEL32.DLL
0x00007ffbdc1a0000 - 0x00007ffbdc547000 	C:\WINDOWS\System32\KERNELBASE.dll
0x00007ffbdc550000 - 0x00007ffbdc661000 	C:\WINDOWS\System32\ucrtbase.dll
0x00007ffbc61e0000 - 0x00007ffbc61fb000 	c:\Users\K1000\.vscode\extensions\redhat.java-1.31.0-win32-x64\jre\17.0.11-win32-x86_64\bin\VCRUNTIME140.dll
0x00007ffbc6170000 - 0x00007ffbc6187000 	c:\Users\K1000\.vscode\extensions\redhat.java-1.31.0-win32-x64\jre\17.0.11-win32-x86_64\bin\jli.dll
0x00007ffbdcbd0000 - 0x00007ffbdcd7e000 	C:\WINDOWS\System32\USER32.dll
0x00007ffbbb5c0000 - 0x00007ffbbb853000 	C:\WINDOWS\WinSxS\amd64_microsoft.windows.common-controls_6595b64144ccf1df_6.0.22621.3527_none_270e469b73872a76\COMCTL32.dll
0x00007ffbdc060000 - 0x00007ffbdc086000 	C:\WINDOWS\System32\win32u.dll
0x00007ffbdea40000 - 0x00007ffbdeae7000 	C:\WINDOWS\System32\msvcrt.dll
0x00007ffbdd970000 - 0x00007ffbdd999000 	C:\WINDOWS\System32\GDI32.dll
0x00007ffbdbf10000 - 0x00007ffbdc029000 	C:\WINDOWS\System32\gdi32full.dll
0x00007ffbdc100000 - 0x00007ffbdc19a000 	C:\WINDOWS\System32\msvcp_win.dll
0x00007ffbdca20000 - 0x00007ffbdca51000 	C:\WINDOWS\System32\IMM32.DLL
0x00007ffba9db0000 - 0x00007ffba9e92000 	C:\Program Files\Windhawk\Engine\1.4.1\64\windhawk.dll
0x00007ffbde380000 - 0x00007ffbde432000 	C:\WINDOWS\System32\ADVAPI32.dll
0x00007ffbdd9a0000 - 0x00007ffbdda48000 	C:\WINDOWS\System32\sechost.dll
0x00007ffbdc030000 - 0x00007ffbdc058000 	C:\WINDOWS\System32\bcrypt.dll
0x00007ffbdd4d0000 - 0x00007ffbdd5e5000 	C:\WINDOWS\System32\RPCRT4.dll
0x00007ffbcd780000 - 0x00007ffbcd78c000 	c:\Users\K1000\.vscode\extensions\redhat.java-1.31.0-win32-x64\jre\17.0.11-win32-x86_64\bin\vcruntime140_1.dll
0x00007ffb8e270000 - 0x00007ffb8e2fd000 	c:\Users\K1000\.vscode\extensions\redhat.java-1.31.0-win32-x64\jre\17.0.11-win32-x86_64\bin\msvcp140.dll
0x00007ffb7cbc0000 - 0x00007ffb7d822000 	c:\Users\K1000\.vscode\extensions\redhat.java-1.31.0-win32-x64\jre\17.0.11-win32-x86_64\bin\server\jvm.dll
0x00007ffbdbad0000 - 0x00007ffbdbb1d000 	C:\WINDOWS\SYSTEM32\POWRPROF.dll
0x00007ffb90640000 - 0x00007ffb90649000 	C:\WINDOWS\SYSTEM32\WSOCK32.dll
0x00007ffbd2610000 - 0x00007ffbd2644000 	C:\WINDOWS\SYSTEM32\WINMM.dll
0x00007ffbc47b0000 - 0x00007ffbc47ba000 	C:\WINDOWS\SYSTEM32\VERSION.dll
0x00007ffbdcd80000 - 0x00007ffbdcdf1000 	C:\WINDOWS\System32\WS2_32.dll
0x00007ffbdbab0000 - 0x00007ffbdbac3000 	C:\WINDOWS\SYSTEM32\UMPDC.dll
0x00007ffbdadb0000 - 0x00007ffbdadc8000 	C:\WINDOWS\SYSTEM32\kernel.appcore.dll
0x00007ffbcd1c0000 - 0x00007ffbcd1ca000 	c:\Users\K1000\.vscode\extensions\redhat.java-1.31.0-win32-x64\jre\17.0.11-win32-x86_64\bin\jimage.dll
0x00007ffbd9730000 - 0x00007ffbd9962000 	C:\WINDOWS\SYSTEM32\DBGHELP.DLL
0x00007ffbdcef0000 - 0x00007ffbdd278000 	C:\WINDOWS\System32\combase.dll
0x00007ffbdce10000 - 0x00007ffbdcee7000 	C:\WINDOWS\System32\OLEAUT32.dll
0x00007ffbce720000 - 0x00007ffbce752000 	C:\WINDOWS\SYSTEM32\dbgcore.DLL
0x00007ffbdc670000 - 0x00007ffbdc6e9000 	C:\WINDOWS\System32\bcryptPrimitives.dll
0x00007ffbc72b0000 - 0x00007ffbc72be000 	c:\Users\K1000\.vscode\extensions\redhat.java-1.31.0-win32-x64\jre\17.0.11-win32-x86_64\bin\instrument.dll
0x00007ffb98fb0000 - 0x00007ffb98fd5000 	c:\Users\K1000\.vscode\extensions\redhat.java-1.31.0-win32-x64\jre\17.0.11-win32-x86_64\bin\java.dll
0x00007ffbc60b0000 - 0x00007ffbc60c8000 	c:\Users\K1000\.vscode\extensions\redhat.java-1.31.0-win32-x64\jre\17.0.11-win32-x86_64\bin\zip.dll
0x00007ffbdda50000 - 0x00007ffbde2ac000 	C:\WINDOWS\System32\SHELL32.dll
0x00007ffbd9cb0000 - 0x00007ffbda5a6000 	C:\WINDOWS\SYSTEM32\windows.storage.dll
0x00007ffbd9b70000 - 0x00007ffbd9cae000 	C:\WINDOWS\SYSTEM32\wintypes.dll
0x00007ffbdd310000 - 0x00007ffbdd405000 	C:\WINDOWS\System32\SHCORE.dll
0x00007ffbde9d0000 - 0x00007ffbdea2e000 	C:\WINDOWS\System32\shlwapi.dll
0x00007ffbdbd80000 - 0x00007ffbdbda1000 	C:\WINDOWS\SYSTEM32\profapi.dll
0x00007ffbc1bc0000 - 0x00007ffbc1bd9000 	C:\Users\K1000\.vscode\extensions\redhat.java-1.31.0-win32-x64\jre\17.0.11-win32-x86_64\bin\net.dll
0x00007ffbd5430000 - 0x00007ffbd5566000 	C:\WINDOWS\SYSTEM32\WINHTTP.dll
0x00007ffbdb230000 - 0x00007ffbdb299000 	C:\WINDOWS\system32\mswsock.dll
0x00007ffb94be0000 - 0x00007ffb94bf6000 	C:\Users\K1000\.vscode\extensions\redhat.java-1.31.0-win32-x64\jre\17.0.11-win32-x86_64\bin\nio.dll
0x00007ffbc5520000 - 0x00007ffbc5530000 	c:\Users\K1000\.vscode\extensions\redhat.java-1.31.0-win32-x64\jre\17.0.11-win32-x86_64\bin\verify.dll
0x00007ffb92e30000 - 0x00007ffb92e74000 	C:\Users\K1000\AppData\Roaming\Code\User\globalStorage\redhat.java\1.31.0\config_ss_win\org.eclipse.equinox.launcher\org.eclipse.equinox.launcher.win32.win32.x86_64_1.2.1000.v20240507-1834\eclipse_11902.dll
0x00007ffbdd750000 - 0x00007ffbdd8f5000 	C:\WINDOWS\System32\ole32.dll
0x00007ffbdb4b0000 - 0x00007ffbdb4cb000 	C:\WINDOWS\SYSTEM32\CRYPTSP.dll
0x00007ffbdad10000 - 0x00007ffbdad45000 	C:\WINDOWS\system32\rsaenh.dll
0x00007ffbdb330000 - 0x00007ffbdb358000 	C:\WINDOWS\SYSTEM32\USERENV.dll
0x00007ffbdb4d0000 - 0x00007ffbdb4dc000 	C:\WINDOWS\SYSTEM32\CRYPTBASE.dll
0x00007ffbda8a0000 - 0x00007ffbda8cd000 	C:\WINDOWS\SYSTEM32\IPHLPAPI.DLL
0x00007ffbdd440000 - 0x00007ffbdd449000 	C:\WINDOWS\System32\NSI.dll
0x00007ffbd4690000 - 0x00007ffbd46a9000 	C:\WINDOWS\SYSTEM32\dhcpcsvc6.DLL
0x00007ffbd4670000 - 0x00007ffbd468f000 	C:\WINDOWS\SYSTEM32\dhcpcsvc.DLL
0x00007ffbda8d0000 - 0x00007ffbda9c8000 	C:\WINDOWS\SYSTEM32\DNSAPI.dll
0x00007ffb87470000 - 0x00007ffb874b5000 	C:\Users\K1000\AppData\Local\Temp\jna-70771498\jna6044846405856764688.dll
0x00007ffbdea30000 - 0x00007ffbdea38000 	C:\WINDOWS\System32\PSAPI.DLL

dbghelp: loaded successfully - version: 4.0.5 - missing functions: none
symbol engine: initialized successfully - sym options: 0x614 - pdb path: .;c:\Users\K1000\.vscode\extensions\redhat.java-1.31.0-win32-x64\jre\17.0.11-win32-x86_64\bin;C:\WINDOWS\SYSTEM32;C:\WINDOWS\WinSxS\amd64_microsoft.windows.common-controls_6595b64144ccf1df_6.0.22621.3527_none_270e469b73872a76;C:\Program Files\Windhawk\Engine\1.4.1\64;c:\Users\K1000\.vscode\extensions\redhat.java-1.31.0-win32-x64\jre\17.0.11-win32-x86_64\bin\server;C:\Users\K1000\AppData\Roaming\Code\User\globalStorage\redhat.java\1.31.0\config_ss_win\org.eclipse.equinox.launcher\org.eclipse.equinox.launcher.win32.win32.x86_64_1.2.1000.v20240507-1834;C:\Users\K1000\AppData\Local\Temp\jna-70771498

VM Arguments:
jvm_args: --add-modules=ALL-SYSTEM --add-opens=java.base/java.util=ALL-UNNAMED --add-opens=java.base/java.lang=ALL-UNNAMED --add-opens=java.base/sun.nio.fs=ALL-UNNAMED -Declipse.application=org.eclipse.jdt.ls.core.id1 -Dosgi.bundles.defaultStartLevel=4 -Declipse.product=org.eclipse.jdt.ls.core.product -Djava.import.generatesMetadataFilesAtProjectRoot=false -DDetectVMInstallationsJob.disabled=true -Dfile.encoding=utf8 -XX:+UseParallelGC -XX:GCTimeRatio=4 -XX:AdaptiveSizePolicyWeight=90 -Dsun.zip.disableMemoryMapping=true -Xmx1G -Xms100m -Xlog:disable -javaagent:c:\Users\K1000\.vscode\extensions\redhat.java-1.31.0-win32-x64\lombok\lombok-1.18.32.jar 
java_command: c:\Users\K1000\.vscode\extensions\redhat.java-1.31.0-win32-x64\server\plugins\org.eclipse.equinox.launcher_1.6.800.v20240513-1750.jar -configuration c:\Users\K1000\AppData\Roaming\Code\User\globalStorage\redhat.java\1.31.0\config_ss_win -data c:\Users\K1000\AppData\Roaming\Code\User\workspaceStorage\cc7bd9972263965d18e41b9f8799afce\redhat.java\ss_ws --pipe=\\.\pipe\lsp-e570ca623d38da142d1655f2e99048f5-sock
java_class_path (initial): c:\Users\K1000\.vscode\extensions\redhat.java-1.31.0-win32-x64\server\plugins\org.eclipse.equinox.launcher_1.6.800.v20240513-1750.jar
Launcher Type: SUN_STANDARD

[Global flags]
    uintx AdaptiveSizePolicyWeight                 = 90                                        {product} {command line}
     intx CICompilerCount                          = 4                                         {product} {ergonomic}
    uintx GCTimeRatio                              = 4                                         {product} {command line}
   size_t InitialHeapSize                          = 104857600                                 {product} {command line}
   size_t MaxHeapSize                              = 1073741824                                {product} {command line}
   size_t MaxNewSize                               = 357564416                                 {product} {ergonomic}
   size_t MinHeapDeltaBytes                        = 524288                                    {product} {ergonomic}
   size_t MinHeapSize                              = 104857600                                 {product} {command line}
   size_t NewSize                                  = 34603008                                  {product} {ergonomic}
    uintx NonNMethodCodeHeapSize                   = 5839372                                {pd product} {ergonomic}
    uintx NonProfiledCodeHeapSize                  = 122909434                              {pd product} {ergonomic}
   size_t OldSize                                  = 70254592                                  {product} {ergonomic}
    uintx ProfiledCodeHeapSize                     = 122909434                              {pd product} {ergonomic}
    uintx ReservedCodeCacheSize                    = 251658240                              {pd product} {ergonomic}
     bool SegmentedCodeCache                       = true                                      {product} {ergonomic}
   size_t SoftMaxHeapSize                          = 1073741824                             {manageable} {ergonomic}
     bool UseCompressedClassPointers               = true                           {product lp64_product} {ergonomic}
     bool UseCompressedOops                        = true                           {product lp64_product} {ergonomic}
     bool UseLargePagesIndividualAllocation        = false                                  {pd product} {ergonomic}
     bool UseParallelGC                            = true                                      {product} {command line}

Logging:
Log output configuration:
 #0: stdout all=off uptime,level,tags
 #1: stderr all=off uptime,level,tags

Environment Variables:
JAVA_HOME=C:\Program Files\Eclipse Adoptium\jdk-17.0.10.7-hotspot\
PATH=C:\Program Files\Eclipse Adoptium\jdk-17.0.10.7-hotspot\bin;C:\WINDOWS\system32;C:\WINDOWS;C:\WINDOWS\System32\Wbem;C:\WINDOWS\System32\WindowsPowerShell\v1.0\;C:\WINDOWS\System32\OpenSSH\;C:\Program Files\dotnet\;C:\Program Files\Git\cmd;C:\Program Files\nodejs\;C:\Program Files (x86)\Microsoft SQL Server\160\DTS\Binn\;C:\Users\K1000\AppData\Local\Programs\Python\Python312\Scripts\;C:\Users\K1000\AppData\Local\Programs\Python\Python312\;C:\Program Files\MySQL\MySQL Shell 8.0\bin\;C:\Users\K1000\AppData\Local\Microsoft\WindowsApps;D:\VSCode\Microsoft VS Code\bin;C:\Users\K1000\AppData\Roaming\npm;C:\Users\K1000\AppData\Local\GitHubDesktop\bin;C:\Users\K1000\.dotnet\tools;C:\Users\K1000\AppData\Local\atom\bin
USERNAME=K1000
OS=Windows_NT
PROCESSOR_IDENTIFIER=Intel64 Family 6 Model 186 Stepping 3, GenuineIntel
TMP=C:\Users\K1000\AppData\Local\Temp
TEMP=C:\Users\K1000\AppData\Local\Temp



Periodic native trim disabled


---------------  S Y S T E M  ---------------

OS:
 Windows 11 , 64 bit Build 22621 (10.0.22621.3527)
OS uptime: 4 days 21:58 hours
Hyper-V role detected

CPU: total 12 (initial active 12) (6 cores per cpu, 2 threads per core) family 6 model 186 stepping 3 microcode 0x4121, cx8, cmov, fxsr, ht, mmx, 3dnowpref, sse, sse2, sse3, ssse3, sse4.1, sse4.2, popcnt, lzcnt, tsc, tscinvbit, avx, avx2, aes, erms, clmul, bmi1, bmi2, adx, sha, fma, vzeroupper, clflush, clflushopt, clwb, hv
Processor Information for processor 0
  Max Mhz: 1300, Current Mhz: 1300, Mhz Limit: 1300
Processor Information for processor 1
  Max Mhz: 1300, Current Mhz: 1300, Mhz Limit: 1300
Processor Information for processor 2
  Max Mhz: 1300, Current Mhz: 1300, Mhz Limit: 1300
Processor Information for processor 3
  Max Mhz: 1300, Current Mhz: 1300, Mhz Limit: 1300
Processor Information for processor 4
  Max Mhz: 1300, Current Mhz: 900, Mhz Limit: 897
Processor Information for processor 5
  Max Mhz: 1300, Current Mhz: 900, Mhz Limit: 897
Processor Information for processor 6
  Max Mhz: 1300, Current Mhz: 900, Mhz Limit: 897
Processor Information for processor 7
  Max Mhz: 1300, Current Mhz: 900, Mhz Limit: 897
Processor Information for processor 8
  Max Mhz: 1300, Current Mhz: 900, Mhz Limit: 897
Processor Information for processor 9
  Max Mhz: 1300, Current Mhz: 900, Mhz Limit: 897
Processor Information for processor 10
  Max Mhz: 1300, Current Mhz: 900, Mhz Limit: 897
Processor Information for processor 11
  Max Mhz: 1300, Current Mhz: 900, Mhz Limit: 897

Memory: 4k page, system-wide physical 7876M (183M free)
TotalPageFile size 14020M (AvailPageFile size 54M)
current process WorkingSet (physical memory assigned to process): 185M, peak: 192M
current process commit charge ("private bytes"): 280M, peak: 287M

vm_info: OpenJDK 64-Bit Server VM (17.0.11+9) for windows-amd64 JRE (17.0.11+9), built on Apr 17 2024 06:07:48 by "admin" with MS VC++ 16.10 / 16.11 (VS2019)

END.
